0 verbose cli /usr/local/bin/node /usr/local/bin/npm
1 info using npm@11.5.1
2 info using node@v24.6.0
3 silly config load:file:/usr/local/lib/node_modules/npm/npmrc
4 silly config load:file:/Users/admin/Documents/USITech/usitech/.npmrc
5 silly config load:file:/Users/admin/.npmrc
6 silly config load:file:/usr/local/etc/npmrc
7 verbose title npm run dev
8 verbose argv "run" "dev"
9 verbose logfile logs-max:10 dir:/Users/admin/Documents/USITech/usitech/npm-cache/_logs/2025-10-09T16_36_40_382Z-
10 verbose logfile /Users/admin/Documents/USITech/usitech/npm-cache/_logs/2025-10-09T16_36_40_382Z-debug-0.log
11 silly logfile start cleaning logs, removing 1 files
12 silly logfile done cleaning log files
13 verbose cwd /Users/admin/Documents/USITech/usitech
14 verbose os Darwin 24.3.0
15 verbose node v24.6.0
16 verbose npm  v11.5.1
17 verbose exit 1
18 verbose code 1
19 error A complete log of this run can be found in: /Users/admin/Documents/USITech/usitech/npm-cache/_logs/2025-10-09T16_36_40_382Z-debug-0.log
