0 verbose cli /usr/local/bin/node /usr/local/bin/npm
1 info using npm@11.5.1
2 info using node@v24.6.0
3 silly config load:file:/usr/local/lib/node_modules/npm/npmrc
4 silly config load:file:/Users/admin/Documents/USITech/usitech/.npmrc
5 silly config load:file:/Users/admin/.npmrc
6 silly config load:file:/usr/local/etc/npmrc
7 verbose title npm run build
8 verbose argv "run" "build"
9 verbose logfile logs-max:10 dir:/Users/admin/Documents/USITech/usitech/npm-cache/_logs/2025-11-22T08_10_50_559Z-
10 verbose logfile /Users/admin/Documents/USITech/usitech/npm-cache/_logs/2025-11-22T08_10_50_559Z-debug-0.log
11 silly logfile start cleaning logs, removing 1 files
12 silly logfile done cleaning log files
13 http fetch GET 200 https://registry.npmjs.org/npm 593ms
14 verbose cwd /Users/admin/Documents/USITech/usitech
15 verbose os Darwin 24.3.0
16 verbose node v24.6.0
17 verbose npm  v11.5.1
18 notice
18 notice New [33mminor[39m version of npm available! [33m11.5.1[39m -> [34m11.6.3[39m
18 notice Changelog: [34mhttps://github.com/npm/cli/releases/tag/v11.6.3[39m
18 notice To update run: [4mnpm install -g npm@11.6.3[24m
18 notice  { force: true, Symbol(proc-log.meta): true }
19 verbose exit 0
20 info ok
