0 verbose cli /usr/local/bin/node /usr/local/bin/npm
1 info using npm@11.5.1
2 info using node@v24.6.0
3 silly config load:file:/usr/local/lib/node_modules/npm/npmrc
4 silly config load:file:/Users/admin/Documents/USITech/usitech/.npmrc
5 silly config load:file:/Users/admin/.npmrc
6 silly config load:file:/usr/local/etc/npmrc
7 verbose title npm install prisma @prisma/client zod
8 verbose argv "install" "prisma" "@prisma/client" "zod"
9 verbose logfile logs-max:10 dir:/Users/admin/Documents/USITech/usitech/npm-cache/_logs/2025-10-12T11_56_28_886Z-
10 verbose logfile /Users/admin/Documents/USITech/usitech/npm-cache/_logs/2025-10-12T11_56_28_886Z-debug-0.log
11 silly logfile start cleaning logs, removing 1 files
12 silly logfile done cleaning log files
13 silly packumentCache heap:4496293888 maxSize:1124073472 maxEntrySize:562036736
14 silly idealTree buildDeps
15 silly fetch manifest prisma@*
16 silly packumentCache full:https://registry.npmjs.org/prisma cache-miss
17 http fetch GET 200 https://registry.npmjs.org/npm 479ms
18 http fetch GET 200 https://registry.npmjs.org/prisma 1044ms (cache miss)
19 silly packumentCache full:https://registry.npmjs.org/prisma set size:undefined disposed:false
20 silly fetch manifest typescript@^5
21 silly packumentCache full:https://registry.npmjs.org/typescript cache-miss
22 http fetch GET 200 https://registry.npmjs.org/typescript 347ms (cache updated)
23 silly packumentCache full:https://registry.npmjs.org/typescript set size:undefined disposed:false
24 silly fetch manifest @prisma/client@*
25 silly packumentCache full:https://registry.npmjs.org/@prisma%2fclient cache-miss
26 http fetch GET 200 https://registry.npmjs.org/@prisma%2fclient 2049ms (cache miss)
27 silly packumentCache full:https://registry.npmjs.org/@prisma%2fclient set size:undefined disposed:false
28 silly fetch manifest zod@*
29 silly packumentCache full:https://registry.npmjs.org/zod cache-miss
30 http fetch GET 200 https://registry.npmjs.org/zod 131ms (cache miss)
31 silly packumentCache full:https://registry.npmjs.org/zod set size:undefined disposed:false
32 silly placeDep ROOT @prisma/client@6.17.1 OK for: usitech@0.1.0 want: *
33 silly placeDep ROOT prisma@6.17.1 OK for: usitech@0.1.0 want: *
34 silly placeDep ROOT zod@4.1.12 OK for: usitech@0.1.0 want: *
35 silly fetch manifest @prisma/config@6.17.1
36 silly packumentCache full:https://registry.npmjs.org/@prisma%2fconfig cache-miss
37 silly fetch manifest @prisma/engines@6.17.1
38 silly packumentCache full:https://registry.npmjs.org/@prisma%2fengines cache-miss
39 http fetch GET 200 https://registry.npmjs.org/@prisma%2fconfig 390ms (cache miss)
40 silly packumentCache full:https://registry.npmjs.org/@prisma%2fconfig set size:undefined disposed:false
41 http fetch GET 200 https://registry.npmjs.org/@prisma%2fengines 697ms (cache miss)
42 silly packumentCache full:https://registry.npmjs.org/@prisma%2fengines set size:undefined disposed:false
43 silly placeDep ROOT @prisma/config@6.17.1 OK for: prisma@6.17.1 want: 6.17.1
44 silly placeDep ROOT @prisma/engines@6.17.1 OK for: prisma@6.17.1 want: 6.17.1
45 silly fetch manifest c12@3.1.0
46 silly packumentCache full:https://registry.npmjs.org/c12 cache-miss
47 silly fetch manifest effect@3.16.12
48 silly packumentCache full:https://registry.npmjs.org/effect cache-miss
49 silly fetch manifest empathic@2.0.0
50 silly packumentCache full:https://registry.npmjs.org/empathic cache-miss
51 silly fetch manifest deepmerge-ts@7.1.5
52 silly packumentCache full:https://registry.npmjs.org/deepmerge-ts cache-miss
53 silly fetch manifest @prisma/debug@6.17.1
54 silly packumentCache full:https://registry.npmjs.org/@prisma%2fdebug cache-miss
55 silly fetch manifest @prisma/fetch-engine@6.17.1
56 silly packumentCache full:https://registry.npmjs.org/@prisma%2ffetch-engine cache-miss
57 silly fetch manifest @prisma/get-platform@6.17.1
58 silly packumentCache full:https://registry.npmjs.org/@prisma%2fget-platform cache-miss
59 silly fetch manifest @prisma/engines-version@6.17.1-1.272a37d34178c2894197e17273bf937f25acdeac
60 silly packumentCache full:https://registry.npmjs.org/@prisma%2fengines-version cache-miss
61 http fetch GET 200 https://registry.npmjs.org/c12 101ms (cache miss)
62 silly packumentCache full:https://registry.npmjs.org/c12 set size:undefined disposed:false
63 http fetch GET 200 https://registry.npmjs.org/effect 237ms (cache miss)
64 silly packumentCache full:https://registry.npmjs.org/effect set size:undefined disposed:false
65 http fetch GET 200 https://registry.npmjs.org/empathic 263ms (cache miss)
66 silly packumentCache full:https://registry.npmjs.org/empathic set size:undefined disposed:false
67 http fetch GET 200 https://registry.npmjs.org/deepmerge-ts 264ms (cache miss)
68 silly packumentCache full:https://registry.npmjs.org/deepmerge-ts set size:undefined disposed:false
69 http fetch GET 200 https://registry.npmjs.org/@prisma%2fengines-version 1442ms (cache miss)
70 silly packumentCache full:https://registry.npmjs.org/@prisma%2fengines-version set size:undefined disposed:false
71 http fetch GET 200 https://registry.npmjs.org/@prisma%2fget-platform 1854ms (cache miss)
72 silly packumentCache full:https://registry.npmjs.org/@prisma%2fget-platform set size:undefined disposed:false
73 http fetch GET 200 https://registry.npmjs.org/@prisma%2fdebug 1946ms (cache miss)
74 silly packumentCache full:https://registry.npmjs.org/@prisma%2fdebug set size:undefined disposed:false
75 http fetch GET 200 https://registry.npmjs.org/@prisma%2ffetch-engine 2023ms (cache miss)
76 silly packumentCache full:https://registry.npmjs.org/@prisma%2ffetch-engine set size:undefined disposed:false
77 silly fetch manifest magicast@^0.3.5
78 silly packumentCache full:https://registry.npmjs.org/magicast cache-miss
79 http fetch GET 200 https://registry.npmjs.org/magicast 82ms (cache miss)
80 silly packumentCache full:https://registry.npmjs.org/magicast set size:undefined disposed:false
81 silly placeDep ROOT c12@3.1.0 OK for: @prisma/config@6.17.1 want: 3.1.0
82 silly placeDep ROOT deepmerge-ts@7.1.5 OK for: @prisma/config@6.17.1 want: 7.1.5
83 silly placeDep ROOT effect@3.16.12 OK for: @prisma/config@6.17.1 want: 3.16.12
84 silly placeDep ROOT empathic@2.0.0 OK for: @prisma/config@6.17.1 want: 2.0.0
85 silly fetch manifest rc9@^2.1.2
86 silly packumentCache full:https://registry.npmjs.org/rc9 cache-miss
87 silly fetch manifest defu@^6.1.4
88 silly packumentCache full:https://registry.npmjs.org/defu cache-miss
89 silly fetch manifest giget@^2.0.0
90 silly packumentCache full:https://registry.npmjs.org/giget cache-miss
91 silly fetch manifest ohash@^2.0.11
92 silly packumentCache full:https://registry.npmjs.org/ohash cache-miss
93 silly fetch manifest pathe@^2.0.3
94 silly packumentCache full:https://registry.npmjs.org/pathe cache-miss
95 silly fetch manifest dotenv@^16.6.1
96 silly packumentCache full:https://registry.npmjs.org/dotenv cache-miss
97 silly fetch manifest confbox@^0.2.2
98 silly packumentCache full:https://registry.npmjs.org/confbox cache-miss
99 silly fetch manifest exsolve@^1.0.7
100 silly packumentCache full:https://registry.npmjs.org/exsolve cache-miss
101 silly fetch manifest chokidar@^4.0.3
102 silly packumentCache full:https://registry.npmjs.org/chokidar cache-miss
103 http fetch GET 200 https://registry.npmjs.org/giget 82ms (cache miss)
104 silly packumentCache full:https://registry.npmjs.org/giget set size:undefined disposed:false
105 silly fetch manifest pkg-types@^2.2.0
106 silly packumentCache full:https://registry.npmjs.org/pkg-types cache-miss
107 http fetch GET 200 https://registry.npmjs.org/pathe 83ms (cache miss)
108 silly packumentCache full:https://registry.npmjs.org/pathe set size:undefined disposed:false
109 silly fetch manifest perfect-debounce@^1.0.0
110 silly packumentCache full:https://registry.npmjs.org/perfect-debounce cache-miss
111 http fetch GET 200 https://registry.npmjs.org/confbox 86ms (cache miss)
112 silly packumentCache full:https://registry.npmjs.org/confbox set size:undefined disposed:false
113 silly fetch manifest fast-check@^3.23.1
114 silly packumentCache full:https://registry.npmjs.org/fast-check cache-miss
115 http fetch GET 200 https://registry.npmjs.org/ohash 89ms (cache miss)
116 silly packumentCache full:https://registry.npmjs.org/ohash set size:undefined disposed:false
117 silly fetch manifest @standard-schema/spec@^1.0.0
118 silly packumentCache full:https://registry.npmjs.org/@standard-schema%2fspec cache-miss
119 http fetch GET 200 https://registry.npmjs.org/chokidar 91ms (cache miss)
120 silly packumentCache full:https://registry.npmjs.org/chokidar set size:undefined disposed:false
121 http fetch GET 200 https://registry.npmjs.org/dotenv 99ms (cache miss)
122 silly packumentCache full:https://registry.npmjs.org/dotenv set size:undefined disposed:false
123 http fetch GET 200 https://registry.npmjs.org/rc9 112ms (cache miss)
124 silly packumentCache full:https://registry.npmjs.org/rc9 set size:undefined disposed:false
125 http fetch GET 200 https://registry.npmjs.org/defu 134ms (cache miss)
126 silly packumentCache full:https://registry.npmjs.org/defu set size:undefined disposed:false
127 http fetch GET 200 https://registry.npmjs.org/perfect-debounce 80ms (cache miss)
128 silly packumentCache full:https://registry.npmjs.org/perfect-debounce set size:undefined disposed:false
129 http fetch GET 200 https://registry.npmjs.org/pkg-types 103ms (cache miss)
130 silly packumentCache full:https://registry.npmjs.org/pkg-types set size:undefined disposed:false
131 http fetch GET 200 https://registry.npmjs.org/@standard-schema%2fspec 114ms (cache miss)
132 silly packumentCache full:https://registry.npmjs.org/@standard-schema%2fspec set size:undefined disposed:false
133 http fetch GET 200 https://registry.npmjs.org/fast-check 125ms (cache miss)
134 silly packumentCache full:https://registry.npmjs.org/fast-check set size:undefined disposed:false
135 http fetch GET 200 https://registry.npmjs.org/exsolve 239ms (cache miss)
136 silly packumentCache full:https://registry.npmjs.org/exsolve set size:undefined disposed:false
137 silly placeDep ROOT @prisma/debug@6.17.1 OK for: @prisma/engines@6.17.1 want: 6.17.1
138 silly placeDep ROOT @prisma/engines-version@6.17.1-1.272a37d34178c2894197e17273bf937f25acdeac OK for: @prisma/engines@6.17.1 want: 6.17.1-1.272a37d34178c2894197e17273bf937f25acdeac
139 silly placeDep ROOT @prisma/fetch-engine@6.17.1 OK for: @prisma/engines@6.17.1 want: 6.17.1
140 silly placeDep ROOT @prisma/get-platform@6.17.1 OK for: @prisma/engines@6.17.1 want: 6.17.1
141 silly placeDep ROOT chokidar@4.0.3 OK for: c12@3.1.0 want: ^4.0.3
142 silly placeDep ROOT confbox@0.2.2 OK for: c12@3.1.0 want: ^0.2.2
143 silly placeDep ROOT defu@6.1.4 OK for: c12@3.1.0 want: ^6.1.4
144 silly placeDep ROOT dotenv@16.6.1 OK for: c12@3.1.0 want: ^16.6.1
145 silly placeDep ROOT exsolve@1.0.7 OK for: c12@3.1.0 want: ^1.0.7
146 silly placeDep ROOT giget@2.0.0 OK for: c12@3.1.0 want: ^2.0.0
147 silly placeDep ROOT ohash@2.0.11 OK for: c12@3.1.0 want: ^2.0.11
148 silly placeDep ROOT pathe@2.0.3 OK for: c12@3.1.0 want: ^2.0.3
149 silly placeDep ROOT perfect-debounce@1.0.0 OK for: c12@3.1.0 want: ^1.0.0
150 silly placeDep ROOT pkg-types@2.3.0 OK for: c12@3.1.0 want: ^2.2.0
151 silly placeDep ROOT rc9@2.1.2 OK for: c12@3.1.0 want: ^2.1.2
152 silly fetch manifest readdirp@^4.0.1
153 silly packumentCache full:https://registry.npmjs.org/readdirp cache-miss
154 silly fetch manifest citty@^0.1.6
155 silly packumentCache full:https://registry.npmjs.org/citty cache-miss
156 silly fetch manifest consola@^3.4.0
157 silly packumentCache full:https://registry.npmjs.org/consola cache-miss
158 silly fetch manifest node-fetch-native@^1.6.6
159 silly packumentCache full:https://registry.npmjs.org/node-fetch-native cache-miss
160 silly fetch manifest nypm@^0.6.0
161 silly packumentCache full:https://registry.npmjs.org/nypm cache-miss
162 silly fetch manifest destr@^2.0.3
163 silly packumentCache full:https://registry.npmjs.org/destr cache-miss
164 http fetch GET 200 https://registry.npmjs.org/nypm 83ms (cache miss)
165 silly packumentCache full:https://registry.npmjs.org/nypm set size:undefined disposed:false
166 http fetch GET 200 https://registry.npmjs.org/citty 91ms (cache miss)
167 silly packumentCache full:https://registry.npmjs.org/citty set size:undefined disposed:false
168 http fetch GET 200 https://registry.npmjs.org/node-fetch-native 95ms (cache miss)
169 silly packumentCache full:https://registry.npmjs.org/node-fetch-native set size:undefined disposed:false
170 http fetch GET 200 https://registry.npmjs.org/readdirp 96ms (cache miss)
171 silly packumentCache full:https://registry.npmjs.org/readdirp set size:undefined disposed:false
172 http fetch GET 200 https://registry.npmjs.org/destr 97ms (cache miss)
173 silly packumentCache full:https://registry.npmjs.org/destr set size:undefined disposed:false
174 http fetch GET 200 https://registry.npmjs.org/consola 102ms (cache miss)
175 silly packumentCache full:https://registry.npmjs.org/consola set size:undefined disposed:false
176 silly placeDep ROOT readdirp@4.1.2 OK for: chokidar@4.0.3 want: ^4.0.1
177 silly placeDep ROOT @standard-schema/spec@1.0.0 OK for: effect@3.16.12 want: ^1.0.0
178 silly placeDep ROOT fast-check@3.23.2 OK for: effect@3.16.12 want: ^3.23.1
179 silly fetch manifest pure-rand@^6.1.0
180 silly packumentCache full:https://registry.npmjs.org/pure-rand cache-miss
181 http fetch GET 200 https://registry.npmjs.org/pure-rand 89ms (cache miss)
182 silly packumentCache full:https://registry.npmjs.org/pure-rand set size:undefined disposed:false
183 silly placeDep ROOT pure-rand@6.1.0 OK for: fast-check@3.23.2 want: ^6.1.0
184 silly placeDep ROOT citty@0.1.6 OK for: giget@2.0.0 want: ^0.1.6
185 silly placeDep ROOT consola@3.4.2 OK for: giget@2.0.0 want: ^3.4.0
186 silly placeDep ROOT node-fetch-native@1.6.7 OK for: giget@2.0.0 want: ^1.6.6
187 silly placeDep ROOT nypm@0.6.2 OK for: giget@2.0.0 want: ^0.6.0
188 silly fetch manifest consola@^3.2.3
189 silly packumentCache full:https://registry.npmjs.org/consola cache-miss
190 silly fetch manifest tinyexec@^1.0.1
191 silly packumentCache full:https://registry.npmjs.org/tinyexec cache-miss
192 http cache https://registry.npmjs.org/consola 3ms (cache hit)
193 silly packumentCache full:https://registry.npmjs.org/consola set size:324648 disposed:false
194 http fetch GET 200 https://registry.npmjs.org/tinyexec 88ms (cache miss)
195 silly packumentCache full:https://registry.npmjs.org/tinyexec set size:undefined disposed:false
196 silly placeDep ROOT tinyexec@1.0.1 OK for: nypm@0.6.2 want: ^1.0.1
197 silly placeDep ROOT destr@2.0.5 OK for: rc9@2.1.2 want: ^2.0.3
198 silly reify moves {}
199 silly audit bulk request {
199 silly audit   '@alloc/quick-lru': [ '5.2.0' ],
199 silly audit   '@emnapi/core': [ '1.5.0' ],
199 silly audit   '@emnapi/runtime': [ '1.5.0' ],
199 silly audit   '@emnapi/wasi-threads': [ '1.1.0' ],
199 silly audit   '@eslint-community/eslint-utils': [ '4.9.0' ],
199 silly audit   'eslint-visitor-keys': [ '3.4.3', '4.2.1' ],
199 silly audit   '@eslint-community/regexpp': [ '4.12.1' ],
199 silly audit   '@eslint/config-array': [ '0.21.0' ],
199 silly audit   '@eslint/config-helpers': [ '0.4.0' ],
199 silly audit   '@eslint/core': [ '0.16.0' ],
199 silly audit   '@eslint/eslintrc': [ '3.3.1' ],
199 silly audit   '@eslint/js': [ '9.37.0' ],
199 silly audit   '@eslint/object-schema': [ '2.1.6' ],
199 silly audit   '@eslint/plugin-kit': [ '0.4.0' ],
199 silly audit   '@humanfs/core': [ '0.19.1' ],
199 silly audit   '@humanfs/node': [ '0.16.7' ],
199 silly audit   '@humanwhocodes/module-importer': [ '1.0.1' ],
199 silly audit   '@humanwhocodes/retry': [ '0.4.3' ],
199 silly audit   '@img/colour': [ '1.0.0' ],
199 silly audit   '@img/sharp-darwin-arm64': [ '0.34.4' ],
199 silly audit   '@img/sharp-darwin-x64': [ '0.34.4' ],
199 silly audit   '@img/sharp-libvips-darwin-arm64': [ '1.2.3' ],
199 silly audit   '@img/sharp-libvips-darwin-x64': [ '1.2.3' ],
199 silly audit   '@img/sharp-libvips-linux-arm': [ '1.2.3' ],
199 silly audit   '@img/sharp-libvips-linux-arm64': [ '1.2.3' ],
199 silly audit   '@img/sharp-libvips-linux-ppc64': [ '1.2.3' ],
199 silly audit   '@img/sharp-libvips-linux-s390x': [ '1.2.3' ],
199 silly audit   '@img/sharp-libvips-linux-x64': [ '1.2.3' ],
199 silly audit   '@img/sharp-libvips-linuxmusl-arm64': [ '1.2.3' ],
199 silly audit   '@img/sharp-libvips-linuxmusl-x64': [ '1.2.3' ],
199 silly audit   '@img/sharp-linux-arm': [ '0.34.4' ],
199 silly audit   '@img/sharp-linux-arm64': [ '0.34.4' ],
199 silly audit   '@img/sharp-linux-ppc64': [ '0.34.4' ],
199 silly audit   '@img/sharp-linux-s390x': [ '0.34.4' ],
199 silly audit   '@img/sharp-linux-x64': [ '0.34.4' ],
199 silly audit   '@img/sharp-linuxmusl-arm64': [ '0.34.4' ],
199 silly audit   '@img/sharp-linuxmusl-x64': [ '0.34.4' ],
199 silly audit   '@img/sharp-wasm32': [ '0.34.4' ],
199 silly audit   '@img/sharp-win32-arm64': [ '0.34.4' ],
199 silly audit   '@img/sharp-win32-ia32': [ '0.34.4' ],
199 silly audit   '@img/sharp-win32-x64': [ '0.34.4' ],
199 silly audit   '@isaacs/fs-minipass': [ '4.0.1' ],
199 silly audit   '@jridgewell/gen-mapping': [ '0.3.13' ],
199 silly audit   '@jridgewell/remapping': [ '2.3.5' ],
199 silly audit   '@jridgewell/resolve-uri': [ '3.1.2' ],
199 silly audit   '@jridgewell/sourcemap-codec': [ '1.5.5' ],
199 silly audit   '@jridgewell/trace-mapping': [ '0.3.31' ],
199 silly audit   '@napi-rs/wasm-runtime': [ '0.2.12' ],
199 silly audit   '@next/env': [ '15.5.4' ],
199 silly audit   '@next/eslint-plugin-next': [ '15.5.4' ],
199 silly audit   '@next/swc-darwin-arm64': [ '15.5.4' ],
199 silly audit   '@next/swc-darwin-x64': [ '15.5.4' ],
199 silly audit   '@next/swc-linux-arm64-gnu': [ '15.5.4' ],
199 silly audit   '@next/swc-linux-arm64-musl': [ '15.5.4' ],
199 silly audit   '@next/swc-linux-x64-gnu': [ '15.5.4' ],
199 silly audit   '@next/swc-linux-x64-musl': [ '15.5.4' ],
199 silly audit   '@next/swc-win32-arm64-msvc': [ '15.5.4' ],
199 silly audit   '@next/swc-win32-x64-msvc': [ '15.5.4' ],
199 silly audit   '@nodelib/fs.scandir': [ '2.1.5' ],
199 silly audit   '@nodelib/fs.stat': [ '2.0.5' ],
199 silly audit   '@nodelib/fs.walk': [ '1.2.8' ],
199 silly audit   '@nolyfill/is-core-module': [ '1.0.39' ],
199 silly audit   '@radix-ui/primitive': [ '1.1.3' ],
199 silly audit   '@radix-ui/react-compose-refs': [ '1.1.2' ],
199 silly audit   '@radix-ui/react-context': [ '1.1.2' ],
199 silly audit   '@radix-ui/react-label': [ '2.1.7' ],
199 silly audit   '@radix-ui/react-primitive': [ '2.1.3' ],
199 silly audit   '@radix-ui/react-slot': [ '1.2.3' ],
199 silly audit   '@radix-ui/react-switch': [ '1.2.6' ],
199 silly audit   '@radix-ui/react-use-controllable-state': [ '1.2.2' ],
199 silly audit   '@radix-ui/react-use-effect-event': [ '0.0.2' ],
199 silly audit   '@radix-ui/react-use-layout-effect': [ '1.1.1' ],
199 silly audit   '@radix-ui/react-use-previous': [ '1.1.1' ],
199 silly audit   '@radix-ui/react-use-size': [ '1.1.1' ],
199 silly audit   '@rtsao/scc': [ '1.1.0' ],
199 silly audit   '@rushstack/eslint-patch': [ '1.13.0' ],
199 silly audit   '@swc/helpers': [ '0.5.15' ],
199 silly audit   '@tailwindcss/node': [ '4.1.14' ],
199 silly audit   '@tailwindcss/oxide': [ '4.1.14' ],
199 silly audit   '@tailwindcss/oxide-android-arm64': [ '4.1.14' ],
199 silly audit   '@tailwindcss/oxide-darwin-arm64': [ '4.1.14' ],
199 silly audit   '@tailwindcss/oxide-darwin-x64': [ '4.1.14' ],
199 silly audit   '@tailwindcss/oxide-freebsd-x64': [ '4.1.14' ],
199 silly audit   '@tailwindcss/oxide-linux-arm-gnueabihf': [ '4.1.14' ],
199 silly audit   '@tailwindcss/oxide-linux-arm64-gnu': [ '4.1.14' ],
199 silly audit   '@tailwindcss/oxide-linux-arm64-musl': [ '4.1.14' ],
199 silly audit   '@tailwindcss/oxide-linux-x64-gnu': [ '4.1.14' ],
199 silly audit   '@tailwindcss/oxide-linux-x64-musl': [ '4.1.14' ],
199 silly audit   '@tailwindcss/oxide-wasm32-wasi': [ '4.1.14' ],
199 silly audit   '@tailwindcss/oxide-win32-arm64-msvc': [ '4.1.14' ],
199 silly audit   '@tailwindcss/oxide-win32-x64-msvc': [ '4.1.14' ],
199 silly audit   '@tailwindcss/postcss': [ '4.1.14' ],
199 silly audit   '@tybys/wasm-util': [ '0.10.1' ],
199 silly audit   '@types/estree': [ '1.0.8' ],
199 silly audit   '@types/json-schema': [ '7.0.15' ],
199 silly audit   '@types/json5': [ '0.0.29' ],
199 silly audit   '@types/node': [ '20.19.19' ],
199 silly audit   '@types/react': [ '19.2.0' ],
199 silly audit   '@types/react-dom': [ '19.2.0' ],
199 silly audit   '@typescript-eslint/eslint-plugin': [ '8.45.0' ],
199 silly audit   ignore: [ '7.0.5', '5.3.2' ],
199 silly audit   '@typescript-eslint/parser': [ '8.45.0' ],
199 silly audit   '@typescript-eslint/project-service': [ '8.45.0' ],
199 silly audit   '@typescript-eslint/scope-manager': [ '8.45.0' ],
199 silly audit   '@typescript-eslint/tsconfig-utils': [ '8.45.0' ],
199 silly audit   '@typescript-eslint/type-utils': [ '8.45.0' ],
199 silly audit   '@typescript-eslint/types': [ '8.45.0' ],
199 silly audit   '@typescript-eslint/typescript-estree': [ '8.45.0' ],
199 silly audit   'brace-expansion': [ '2.0.2', '1.1.12' ],
199 silly audit   'fast-glob': [ '3.3.3', '3.3.1' ],
199 silly audit   'glob-parent': [ '5.1.2', '6.0.2' ],
199 silly audit   minimatch: [ '9.0.5', '3.1.2' ],
199 silly audit   '@typescript-eslint/utils': [ '8.45.0' ],
199 silly audit   '@typescript-eslint/visitor-keys': [ '8.45.0' ],
199 silly audit   '@unrs/resolver-binding-android-arm-eabi': [ '1.11.1' ],
199 silly audit   '@unrs/resolver-binding-android-arm64': [ '1.11.1' ],
199 silly audit   '@unrs/resolver-binding-darwin-arm64': [ '1.11.1' ],
199 silly audit   '@unrs/resolver-binding-darwin-x64': [ '1.11.1' ],
199 silly audit   '@unrs/resolver-binding-freebsd-x64': [ '1.11.1' ],
199 silly audit   '@unrs/resolver-binding-linux-arm-gnueabihf': [ '1.11.1' ],
199 silly audit   '@unrs/resolver-binding-linux-arm-musleabihf': [ '1.11.1' ],
199 silly audit   '@unrs/resolver-binding-linux-arm64-gnu': [ '1.11.1' ],
199 silly audit   '@unrs/resolver-binding-linux-arm64-musl': [ '1.11.1' ],
199 silly audit   '@unrs/resolver-binding-linux-ppc64-gnu': [ '1.11.1' ],
199 silly audit   '@unrs/resolver-binding-linux-riscv64-gnu': [ '1.11.1' ],
199 silly audit   '@unrs/resolver-binding-linux-riscv64-musl': [ '1.11.1' ],
199 silly audit   '@unrs/resolver-binding-linux-s390x-gnu': [ '1.11.1' ],
199 silly audit   '@unrs/resolver-binding-linux-x64-gnu': [ '1.11.1' ],
199 silly audit   '@unrs/resolver-binding-linux-x64-musl': [ '1.11.1' ],
199 silly audit   '@unrs/resolver-binding-wasm32-wasi': [ '1.11.1' ],
199 silly audit   '@unrs/resolver-binding-win32-arm64-msvc': [ '1.11.1' ],
199 silly audit   '@unrs/resolver-binding-win32-ia32-msvc': [ '1.11.1' ],
199 silly audit   '@unrs/resolver-binding-win32-x64-msvc': [ '1.11.1' ],
199 silly audit   acorn: [ '8.15.0' ],
199 silly audit   'acorn-jsx': [ '5.3.2' ],
199 silly audit   ajv: [ '6.12.6' ],
199 silly audit   'ansi-styles': [ '4.3.0' ],
199 silly audit   argparse: [ '2.0.1' ],
199 silly audit   'aria-query': [ '5.3.2' ],
199 silly audit   'array-buffer-byte-length': [ '1.0.2' ],
199 silly audit   'array-includes': [ '3.1.9' ],
199 silly audit   'array.prototype.findlast': [ '1.2.5' ],
199 silly audit   'array.prototype.findlastindex': [ '1.2.6' ],
199 silly audit   'array.prototype.flat': [ '1.3.3' ],
199 silly audit   'array.prototype.flatmap': [ '1.3.3' ],
199 silly audit   'array.prototype.tosorted': [ '1.1.4' ],
199 silly audit   'arraybuffer.prototype.slice': [ '1.0.4' ],
199 silly audit   'ast-types-flow': [ '0.0.8' ],
199 silly audit   'async-function': [ '1.0.0' ],
199 silly audit   'available-typed-arrays': [ '1.0.7' ],
199 silly audit   'axe-core': [ '4.10.3' ],
199 silly audit   'axobject-query': [ '4.1.0' ],
199 silly audit   'balanced-match': [ '1.0.2' ],
199 silly audit   braces: [ '3.0.3' ],
199 silly audit   'call-bind': [ '1.0.8' ],
199 silly audit   'call-bind-apply-helpers': [ '1.0.2' ],
199 silly audit   'call-bound': [ '1.0.4' ],
199 silly audit   callsites: [ '3.1.0' ],
199 silly audit   'caniuse-lite': [ '1.0.30001747' ],
199 silly audit   chalk: [ '4.1.2' ],
199 silly audit   chownr: [ '3.0.0' ],
199 silly audit   'class-variance-authority': [ '0.7.1' ],
199 silly audit   'client-only': [ '0.0.1' ],
199 silly audit   clsx: [ '2.1.1' ],
199 silly audit   'color-convert': [ '2.0.1' ],
199 silly audit   'color-name': [ '1.1.4' ],
199 silly audit   'concat-map': [ '0.0.1' ],
199 silly audit   'cross-spawn': [ '7.0.6' ],
199 silly audit   csstype: [ '3.1.3' ],
199 silly audit   'damerau-levenshtein': [ '1.0.8' ],
199 silly audit   'data-view-buffer': [ '1.0.2' ],
199 silly audit   'data-view-byte-length': [ '1.0.2' ],
199 silly audit   'data-view-byte-offset': [ '1.0.1' ],
199 silly audit   debug: [ '4.4.3', '3.2.7' ],
199 silly audit   'deep-is': [ '0.1.4' ],
199 silly audit   'define-data-property': [ '1.1.4' ],
199 silly audit   'define-properties': [ '1.2.1' ],
199 silly audit   'detect-libc': [ '2.1.1' ],
199 silly audit   doctrine: [ '2.1.0' ],
199 silly audit   'dunder-proto': [ '1.0.1' ],
199 silly audit   'emoji-regex': [ '9.2.2' ],
199 silly audit   'enhanced-resolve': [ '5.18.3' ],
199 silly audit   'es-abstract': [ '1.24.0' ],
199 silly audit   'es-define-property': [ '1.0.1' ],
199 silly audit   'es-errors': [ '1.3.0' ],
199 silly audit   'es-iterator-helpers': [ '1.2.1' ],
199 silly audit   'es-object-atoms': [ '1.1.1' ],
199 silly audit   'es-set-tostringtag': [ '2.1.0' ],
199 silly audit   'es-shim-unscopables': [ '1.1.0' ],
199 silly audit   'es-to-primitive': [ '1.3.0' ],
199 silly audit   'escape-string-regexp': [ '4.0.0' ],
199 silly audit   eslint: [ '9.37.0' ],
199 silly audit   'eslint-config-next': [ '15.5.4' ],
199 silly audit   'eslint-import-resolver-node': [ '0.3.9' ],
199 silly audit   'eslint-import-resolver-typescript': [ '3.10.1' ],
199 silly audit   'eslint-module-utils': [ '2.12.1' ],
199 silly audit   'eslint-plugin-import': [ '2.32.0' ],
199 silly audit   semver: [ '6.3.1', '7.7.2' ],
199 silly audit   'eslint-plugin-jsx-a11y': [ '6.10.2' ],
199 silly audit   'eslint-plugin-react': [ '7.37.5' ],
199 silly audit   'eslint-plugin-react-hooks': [ '5.2.0' ],
199 silly audit   resolve: [ '2.0.0-next.5', '1.22.10' ],
199 silly audit   'eslint-scope': [ '8.4.0' ],
199 silly audit   espree: [ '10.4.0' ],
199 silly audit   esquery: [ '1.6.0' ],
199 silly audit   esrecurse: [ '4.3.0' ],
199 silly audit   estraverse: [ '5.3.0' ],
199 silly audit   esutils: [ '2.0.3' ],
199 silly audit   'fast-deep-equal': [ '3.1.3' ],
199 silly audit   'fast-json-stable-stringify': [ '2.1.0' ],
199 silly audit   'fast-levenshtein': [ '2.0.6' ],
199 silly audit   fastq: [ '1.19.1' ],
199 silly audit   fdir: [ '6.5.0' ],
199 silly audit   'file-entry-cache': [ '8.0.0' ],
199 silly audit   'fill-range': [ '7.1.1' ],
199 silly audit   'find-up': [ '5.0.0' ],
199 silly audit   'flat-cache': [ '4.0.1' ],
199 silly audit   flatted: [ '3.3.3' ],
199 silly audit   'for-each': [ '0.3.5' ],
199 silly audit   'framer-motion': [ '12.23.22' ],
199 silly audit   'function-bind': [ '1.1.2' ],
199 silly audit   'function.prototype.name': [ '1.1.8' ],
199 silly audit   'functions-have-names': [ '1.2.3' ],
199 silly audit   'generator-function': [ '2.0.1' ],
199 silly audit   'get-intrinsic': [ '1.3.0' ],
199 silly audit   'get-proto': [ '1.0.1' ],
199 silly audit   'get-symbol-description': [ '1.1.0' ],
199 silly audit   'get-tsconfig': [ '4.10.1' ],
199 silly audit   globals: [ '14.0.0' ],
199 silly audit   globalthis: [ '1.0.4' ],
199 silly audit   gopd: [ '1.2.0' ],
199 silly audit   'graceful-fs': [ '4.2.11' ],
199 silly audit   graphemer: [ '1.4.0' ],
199 silly audit   'has-bigints': [ '1.1.0' ],
199 silly audit   'has-flag': [ '4.0.0' ],
199 silly audit   'has-property-descriptors': [ '1.0.2' ],
199 silly audit   'has-proto': [ '1.2.0' ],
199 silly audit   'has-symbols': [ '1.1.0' ],
199 silly audit   'has-tostringtag': [ '1.0.2' ],
199 silly audit   hasown: [ '2.0.2' ],
199 silly audit   'import-fresh': [ '3.3.1' ],
199 silly audit   imurmurhash: [ '0.1.4' ],
199 silly audit   'internal-slot': [ '1.1.0' ],
199 silly audit   'is-array-buffer': [ '3.0.5' ],
199 silly audit   'is-async-function': [ '2.1.1' ],
199 silly audit   'is-bigint': [ '1.1.0' ],
199 silly audit   'is-boolean-object': [ '1.2.2' ],
199 silly audit   'is-bun-module': [ '2.0.0' ],
199 silly audit   'is-callable': [ '1.2.7' ],
199 silly audit   'is-core-module': [ '2.16.1' ],
199 silly audit   'is-data-view': [ '1.0.2' ],
199 silly audit   'is-date-object': [ '1.1.0' ],
199 silly audit   'is-extglob': [ '2.1.1' ],
199 silly audit   'is-finalizationregistry': [ '1.1.1' ],
199 silly audit   'is-generator-function': [ '1.1.2' ],
199 silly audit   'is-glob': [ '4.0.3' ],
199 silly audit   'is-map': [ '2.0.3' ],
199 silly audit   'is-negative-zero': [ '2.0.3' ],
199 silly audit   'is-number': [ '7.0.0' ],
199 silly audit   'is-number-object': [ '1.1.1' ],
199 silly audit   'is-regex': [ '1.2.1' ],
199 silly audit   'is-set': [ '2.0.3' ],
199 silly audit   'is-shared-array-buffer': [ '1.0.4' ],
199 silly audit   'is-string': [ '1.1.1' ],
199 silly audit   'is-symbol': [ '1.1.1' ],
199 silly audit   'is-typed-array': [ '1.1.15' ],
199 silly audit   'is-weakmap': [ '2.0.2' ],
199 silly audit   'is-weakref': [ '1.1.1' ],
199 silly audit   'is-weakset': [ '2.0.4' ],
199 silly audit   isarray: [ '2.0.5' ],
199 silly audit   isexe: [ '2.0.0' ],
199 silly audit   'iterator.prototype': [ '1.1.5' ],
199 silly audit   jiti: [ '2.6.1' ],
199 silly audit   'js-tokens': [ '4.0.0' ],
199 silly audit   'js-yaml': [ '4.1.0' ],
199 silly audit   'json-buffer': [ '3.0.1' ],
199 silly audit   'json-schema-traverse': [ '0.4.1' ],
199 silly audit   'json-stable-stringify-without-jsonify': [ '1.0.1' ],
199 silly audit   json5: [ '1.0.2' ],
199 silly audit   'jsx-ast-utils': [ '3.3.5' ],
199 silly audit   keyv: [ '4.5.4' ],
199 silly audit   'language-subtag-registry': [ '0.3.23' ],
199 silly audit   'language-tags': [ '1.0.9' ],
199 silly audit   levn: [ '0.4.1' ],
199 silly audit   lightningcss: [ '1.30.1' ],
199 silly audit   'lightningcss-darwin-arm64': [ '1.30.1' ],
199 silly audit   'lightningcss-darwin-x64': [ '1.30.1' ],
199 silly audit   'lightningcss-freebsd-x64': [ '1.30.1' ],
199 silly audit   'lightningcss-linux-arm-gnueabihf': [ '1.30.1' ],
199 silly audit   'lightningcss-linux-arm64-gnu': [ '1.30.1' ],
199 silly audit   'lightningcss-linux-arm64-musl': [ '1.30.1' ],
199 silly audit   'lightningcss-linux-x64-gnu': [ '1.30.1' ],
199 silly audit   'lightningcss-linux-x64-musl': [ '1.30.1' ],
199 silly audit   'lightningcss-win32-arm64-msvc': [ '1.30.1' ],
199 silly audit   'lightningcss-win32-x64-msvc': [ '1.30.1' ],
199 silly audit   'locate-path': [ '6.0.0' ],
199 silly audit   'lodash.merge': [ '4.6.2' ],
199 silly audit   'loose-envify': [ '1.4.0' ],
199 silly audit   'lucide-react': [ '0.544.0' ],
199 silly audit   'magic-string': [ '0.30.19' ],
199 silly audit   'math-intrinsics': [ '1.1.0' ],
199 silly audit   merge2: [ '1.4.1' ],
199 silly audit   micromatch: [ '4.0.8' ],
199 silly audit   picomatch: [ '2.3.1', '4.0.3' ],
199 silly audit   minimist: [ '1.2.8' ],
199 silly audit   minipass: [ '7.1.2' ],
199 silly audit   minizlib: [ '3.1.0' ],
199 silly audit   'motion-dom': [ '12.23.21' ],
199 silly audit   'motion-utils': [ '12.23.6' ],
199 silly audit   ms: [ '2.1.3' ],
199 silly audit   nanoid: [ '3.3.11' ],
199 silly audit   'napi-postinstall': [ '0.3.4' ],
199 silly audit   'natural-compare': [ '1.4.0' ],
199 silly audit   next: [ '15.5.4' ],
199 silly audit   postcss: [ '8.4.31', '8.5.6' ],
199 silly audit   'object-assign': [ '4.1.1' ],
199 silly audit   'object-inspect': [ '1.13.4' ],
199 silly audit   'object-keys': [ '1.1.1' ],
199 silly audit   'object.assign': [ '4.1.7' ],
199 silly audit   'object.entries': [ '1.1.9' ],
199 silly audit   'object.fromentries': [ '2.0.8' ],
199 silly audit   'object.groupby': [ '1.0.3' ],
199 silly audit   'object.values': [ '1.2.1' ],
199 silly audit   optionator: [ '0.9.4' ],
199 silly audit   'own-keys': [ '1.0.1' ],
199 silly audit   'p-limit': [ '3.1.0' ],
199 silly audit   'p-locate': [ '5.0.0' ],
199 silly audit   'parent-module': [ '1.0.1' ],
199 silly audit   'path-exists': [ '4.0.0' ],
199 silly audit   'path-key': [ '3.1.1' ],
199 silly audit   'path-parse': [ '1.0.7' ],
199 silly audit   picocolors: [ '1.1.1' ],
199 silly audit   'possible-typed-array-names': [ '1.1.0' ],
199 silly audit   'prelude-ls': [ '1.2.1' ],
199 silly audit   'prop-types': [ '15.8.1' ],
199 silly audit   punycode: [ '2.3.1' ],
199 silly audit   'queue-microtask': [ '1.2.3' ],
199 silly audit   react: [ '19.1.0' ],
199 silly audit   'react-dom': [ '19.1.0' ],
199 silly audit   'react-is': [ '16.13.1' ],
199 silly audit   'reflect.getprototypeof': [ '1.0.10' ],
199 silly audit   'regexp.prototype.flags': [ '1.5.4' ],
199 silly audit   'resolve-from': [ '4.0.0' ],
199 silly audit   'resolve-pkg-maps': [ '1.0.0' ],
199 silly audit   reusify: [ '1.1.0' ],
199 silly audit   'run-parallel': [ '1.2.0' ],
199 silly audit   'safe-array-concat': [ '1.1.3' ],
199 silly audit   'safe-push-apply': [ '1.0.0' ],
199 silly audit   'safe-regex-test': [ '1.1.0' ],
199 silly audit   scheduler: [ '0.26.0' ],
199 silly audit   'set-function-length': [ '1.2.2' ],
199 silly audit   'set-function-name': [ '2.0.2' ],
199 silly audit   'set-proto': [ '1.0.0' ],
199 silly audit   sharp: [ '0.34.4' ],
199 silly audit   'shebang-command': [ '2.0.0' ],
199 silly audit   'shebang-regex': [ '3.0.0' ],
199 silly audit   'side-channel': [ '1.1.0' ],
199 silly audit   'side-channel-list': [ '1.0.0' ],
199 silly audit   'side-channel-map': [ '1.0.1' ],
199 silly audit   'side-channel-weakmap': [ '1.0.2' ],
199 silly audit   'source-map-js': [ '1.2.1' ],
199 silly audit   'stable-hash': [ '0.0.5' ],
199 silly audit   'stop-iteration-iterator': [ '1.1.0' ],
199 silly audit   'string.prototype.includes': [ '2.0.1' ],
199 silly audit   'string.prototype.matchall': [ '4.0.12' ],
199 silly audit   'string.prototype.repeat': [ '1.0.0' ],
199 silly audit   'string.prototype.trim': [ '1.2.10' ],
199 silly audit   'string.prototype.trimend': [ '1.0.9' ],
199 silly audit   'string.prototype.trimstart': [ '1.0.8' ],
199 silly audit   'strip-bom': [ '3.0.0' ],
199 silly audit   'strip-json-comments': [ '3.1.1' ],
199 silly audit   'styled-jsx': [ '5.1.6' ],
199 silly audit   'supports-color': [ '7.2.0' ],
199 silly audit   'supports-preserve-symlinks-flag': [ '1.0.0' ],
199 silly audit   'tailwind-merge': [ '3.3.1' ],
199 silly audit   tailwindcss: [ '4.1.14' ],
199 silly audit   tapable: [ '2.3.0' ],
199 silly audit   tar: [ '7.5.1' ],
199 silly audit   tinyglobby: [ '0.2.15' ],
199 silly audit   'to-regex-range': [ '5.0.1' ],
199 silly audit   'ts-api-utils': [ '2.1.0' ],
199 silly audit   'tsconfig-paths': [ '3.15.0' ],
199 silly audit   tslib: [ '2.8.1' ],
199 silly audit   'type-check': [ '0.4.0' ],
199 silly audit   'typed-array-buffer': [ '1.0.3' ],
199 silly audit   'typed-array-byte-length': [ '1.0.3' ],
199 silly audit   'typed-array-byte-offset': [ '1.0.4' ],
199 silly audit   'typed-array-length': [ '1.0.7' ],
199 silly audit   typescript: [ '5.9.3' ],
199 silly audit   'unbox-primitive': [ '1.1.0' ],
199 silly audit   'undici-types': [ '6.21.0' ],
199 silly audit   'unrs-resolver': [ '1.11.1' ],
199 silly audit   'uri-js': [ '4.4.1' ],
199 silly audit   which: [ '2.0.2' ],
199 silly audit   'which-boxed-primitive': [ '1.1.1' ],
199 silly audit   'which-builtin-type': [ '1.2.1' ],
199 silly audit   'which-collection': [ '1.0.2' ],
199 silly audit   'which-typed-array': [ '1.1.19' ],
199 silly audit   'word-wrap': [ '1.2.5' ],
199 silly audit   yallist: [ '5.0.0' ],
199 silly audit   'yocto-queue': [ '0.1.0' ],
199 silly audit   '@prisma/client': [ '6.17.1' ],
199 silly audit   prisma: [ '6.17.1' ],
199 silly audit   zod: [ '4.1.12' ],
199 silly audit   '@prisma/config': [ '6.17.1' ],
199 silly audit   '@prisma/engines': [ '6.17.1' ],
199 silly audit   c12: [ '3.1.0' ],
199 silly audit   'deepmerge-ts': [ '7.1.5' ],
199 silly audit   effect: [ '3.16.12' ],
199 silly audit   empathic: [ '2.0.0' ],
199 silly audit   '@prisma/debug': [ '6.17.1' ],
199 silly audit   '@prisma/engines-version': [ '6.17.1-1.272a37d34178c2894197e17273bf937f25acdeac' ],
199 silly audit   '@prisma/fetch-engine': [ '6.17.1' ],
199 silly audit   '@prisma/get-platform': [ '6.17.1' ],
199 silly audit   chokidar: [ '4.0.3' ],
199 silly audit   confbox: [ '0.2.2' ],
199 silly audit   defu: [ '6.1.4' ],
199 silly audit   dotenv: [ '16.6.1' ],
199 silly audit   exsolve: [ '1.0.7' ],
199 silly audit   giget: [ '2.0.0' ],
199 silly audit   ohash: [ '2.0.11' ],
199 silly audit   pathe: [ '2.0.3' ],
199 silly audit   'perfect-debounce': [ '1.0.0' ],
199 silly audit   'pkg-types': [ '2.3.0' ],
199 silly audit   rc9: [ '2.1.2' ],
199 silly audit   readdirp: [ '4.1.2' ],
199 silly audit   '@standard-schema/spec': [ '1.0.0' ],
199 silly audit   'fast-check': [ '3.23.2' ],
199 silly audit   'pure-rand': [ '6.1.0' ],
199 silly audit   citty: [ '0.1.6' ],
199 silly audit   consola: [ '3.4.2' ],
199 silly audit   'node-fetch-native': [ '1.6.7' ],
199 silly audit   nypm: [ '0.6.2' ],
199 silly audit   tinyexec: [ '1.0.1' ],
199 silly audit   destr: [ '2.0.5' ]
199 silly audit }
200 http cache destr@https://registry.npmjs.org/destr/-/destr-2.0.5.tgz 0ms (cache hit)
201 http cache nypm@https://registry.npmjs.org/nypm/-/nypm-0.6.2.tgz 0ms (cache hit)
202 http cache node-fetch-native@https://registry.npmjs.org/node-fetch-native/-/node-fetch-native-1.6.7.tgz 0ms (cache hit)
203 http cache consola@https://registry.npmjs.org/consola/-/consola-3.4.2.tgz 0ms (cache hit)
204 http cache citty@https://registry.npmjs.org/citty/-/citty-0.1.6.tgz 0ms (cache hit)
205 http cache fast-check@https://registry.npmjs.org/fast-check/-/fast-check-3.23.2.tgz 0ms (cache hit)
206 http cache @standard-schema/spec@https://registry.npmjs.org/@standard-schema/spec/-/spec-1.0.0.tgz 0ms (cache hit)
207 http cache pure-rand@https://registry.npmjs.org/pure-rand/-/pure-rand-6.1.0.tgz 0ms (cache hit)
208 http cache tinyexec@https://registry.npmjs.org/tinyexec/-/tinyexec-1.0.1.tgz 0ms (cache hit)
209 http cache readdirp@https://registry.npmjs.org/readdirp/-/readdirp-4.1.2.tgz 0ms (cache hit)
210 http cache rc9@https://registry.npmjs.org/rc9/-/rc9-2.1.2.tgz 0ms (cache hit)
211 http cache perfect-debounce@https://registry.npmjs.org/perfect-debounce/-/perfect-debounce-1.0.0.tgz 0ms (cache hit)
212 http cache pathe@https://registry.npmjs.org/pathe/-/pathe-2.0.3.tgz 0ms (cache hit)
213 http cache pkg-types@https://registry.npmjs.org/pkg-types/-/pkg-types-2.3.0.tgz 0ms (cache hit)
214 http cache ohash@https://registry.npmjs.org/ohash/-/ohash-2.0.11.tgz 0ms (cache hit)
215 http cache exsolve@https://registry.npmjs.org/exsolve/-/exsolve-1.0.7.tgz 0ms (cache hit)
216 http cache confbox@https://registry.npmjs.org/confbox/-/confbox-0.2.2.tgz 0ms (cache hit)
217 http cache giget@https://registry.npmjs.org/giget/-/giget-2.0.0.tgz 0ms (cache hit)
218 http cache defu@https://registry.npmjs.org/defu/-/defu-6.1.4.tgz 0ms (cache hit)
219 http cache chokidar@https://registry.npmjs.org/chokidar/-/chokidar-4.0.3.tgz 0ms (cache hit)
220 http cache @prisma/get-platform@https://registry.npmjs.org/@prisma/get-platform/-/get-platform-6.17.1.tgz 0ms (cache hit)
221 http cache @prisma/debug@https://registry.npmjs.org/@prisma/debug/-/debug-6.17.1.tgz 0ms (cache hit)
222 http cache @prisma/engines-version@https://registry.npmjs.org/@prisma/engines-version/-/engines-version-6.17.1-1.272a37d34178c2894197e17273bf937f25acdeac.tgz 0ms (cache hit)
223 http cache empathic@https://registry.npmjs.org/empathic/-/empathic-2.0.0.tgz 0ms (cache hit)
224 http cache deepmerge-ts@https://registry.npmjs.org/deepmerge-ts/-/deepmerge-ts-7.1.5.tgz 0ms (cache hit)
225 http cache @prisma/fetch-engine@https://registry.npmjs.org/@prisma/fetch-engine/-/fetch-engine-6.17.1.tgz 0ms (cache hit)
226 http cache effect@https://registry.npmjs.org/effect/-/effect-3.16.12.tgz 0ms (cache hit)
227 http cache c12@https://registry.npmjs.org/c12/-/c12-3.1.0.tgz 0ms (cache hit)
228 http cache prisma@https://registry.npmjs.org/prisma/-/prisma-6.17.1.tgz 0ms (cache hit)
229 http cache @prisma/client@https://registry.npmjs.org/@prisma/client/-/client-6.17.1.tgz 0ms (cache hit)
230 http cache @prisma/config@https://registry.npmjs.org/@prisma/config/-/config-6.17.1.tgz 0ms (cache hit)
231 http cache dotenv@https://registry.npmjs.org/dotenv/-/dotenv-16.6.1.tgz 0ms (cache hit)
232 silly tarball no local data for destr@https://registry.npmjs.org/destr/-/destr-2.0.5.tgz. Extracting by manifest.
233 silly tarball no local data for nypm@https://registry.npmjs.org/nypm/-/nypm-0.6.2.tgz. Extracting by manifest.
234 silly tarball no local data for node-fetch-native@https://registry.npmjs.org/node-fetch-native/-/node-fetch-native-1.6.7.tgz. Extracting by manifest.
235 silly tarball no local data for consola@https://registry.npmjs.org/consola/-/consola-3.4.2.tgz. Extracting by manifest.
236 silly tarball no local data for citty@https://registry.npmjs.org/citty/-/citty-0.1.6.tgz. Extracting by manifest.
237 silly tarball no local data for @standard-schema/spec@https://registry.npmjs.org/@standard-schema/spec/-/spec-1.0.0.tgz. Extracting by manifest.
238 silly tarball no local data for fast-check@https://registry.npmjs.org/fast-check/-/fast-check-3.23.2.tgz. Extracting by manifest.
239 silly tarball no local data for pure-rand@https://registry.npmjs.org/pure-rand/-/pure-rand-6.1.0.tgz. Extracting by manifest.
240 silly tarball no local data for tinyexec@https://registry.npmjs.org/tinyexec/-/tinyexec-1.0.1.tgz. Extracting by manifest.
241 silly tarball no local data for readdirp@https://registry.npmjs.org/readdirp/-/readdirp-4.1.2.tgz. Extracting by manifest.
242 silly tarball no local data for rc9@https://registry.npmjs.org/rc9/-/rc9-2.1.2.tgz. Extracting by manifest.
243 silly tarball no local data for perfect-debounce@https://registry.npmjs.org/perfect-debounce/-/perfect-debounce-1.0.0.tgz. Extracting by manifest.
244 silly tarball no local data for pathe@https://registry.npmjs.org/pathe/-/pathe-2.0.3.tgz. Extracting by manifest.
245 silly tarball no local data for pkg-types@https://registry.npmjs.org/pkg-types/-/pkg-types-2.3.0.tgz. Extracting by manifest.
246 silly tarball no local data for ohash@https://registry.npmjs.org/ohash/-/ohash-2.0.11.tgz. Extracting by manifest.
247 silly tarball no local data for exsolve@https://registry.npmjs.org/exsolve/-/exsolve-1.0.7.tgz. Extracting by manifest.
248 http cache zod@https://registry.npmjs.org/zod/-/zod-4.1.12.tgz 0ms (cache hit)
249 silly tarball no local data for confbox@https://registry.npmjs.org/confbox/-/confbox-0.2.2.tgz. Extracting by manifest.
250 silly tarball no local data for giget@https://registry.npmjs.org/giget/-/giget-2.0.0.tgz. Extracting by manifest.
251 silly tarball no local data for chokidar@https://registry.npmjs.org/chokidar/-/chokidar-4.0.3.tgz. Extracting by manifest.
252 silly tarball no local data for defu@https://registry.npmjs.org/defu/-/defu-6.1.4.tgz. Extracting by manifest.
253 silly tarball no local data for @prisma/get-platform@https://registry.npmjs.org/@prisma/get-platform/-/get-platform-6.17.1.tgz. Extracting by manifest.
254 silly tarball no local data for @prisma/engines-version@https://registry.npmjs.org/@prisma/engines-version/-/engines-version-6.17.1-1.272a37d34178c2894197e17273bf937f25acdeac.tgz. Extracting by manifest.
255 silly tarball no local data for @prisma/debug@https://registry.npmjs.org/@prisma/debug/-/debug-6.17.1.tgz. Extracting by manifest.
256 silly tarball no local data for empathic@https://registry.npmjs.org/empathic/-/empathic-2.0.0.tgz. Extracting by manifest.
257 silly tarball no local data for deepmerge-ts@https://registry.npmjs.org/deepmerge-ts/-/deepmerge-ts-7.1.5.tgz. Extracting by manifest.
258 silly tarball no local data for effect@https://registry.npmjs.org/effect/-/effect-3.16.12.tgz. Extracting by manifest.
259 silly tarball no local data for @prisma/fetch-engine@https://registry.npmjs.org/@prisma/fetch-engine/-/fetch-engine-6.17.1.tgz. Extracting by manifest.
260 http cache @prisma/engines@https://registry.npmjs.org/@prisma/engines/-/engines-6.17.1.tgz 0ms (cache hit)
261 silly tarball no local data for prisma@https://registry.npmjs.org/prisma/-/prisma-6.17.1.tgz. Extracting by manifest.
262 silly tarball no local data for c12@https://registry.npmjs.org/c12/-/c12-3.1.0.tgz. Extracting by manifest.
263 silly tarball no local data for @prisma/client@https://registry.npmjs.org/@prisma/client/-/client-6.17.1.tgz. Extracting by manifest.
264 silly tarball no local data for @prisma/config@https://registry.npmjs.org/@prisma/config/-/config-6.17.1.tgz. Extracting by manifest.
265 silly tarball no local data for dotenv@https://registry.npmjs.org/dotenv/-/dotenv-16.6.1.tgz. Extracting by manifest.
266 silly tarball no local data for zod@https://registry.npmjs.org/zod/-/zod-4.1.12.tgz. Extracting by manifest.
267 silly tarball no local data for @prisma/engines@https://registry.npmjs.org/@prisma/engines/-/engines-6.17.1.tgz. Extracting by manifest.
268 http fetch GET 200 https://registry.npmjs.org/citty/-/citty-0.1.6.tgz 81ms (cache miss)
269 http fetch GET 200 https://registry.npmjs.org/destr/-/destr-2.0.5.tgz 102ms (cache miss)
270 http fetch GET 200 https://registry.npmjs.org/nypm/-/nypm-0.6.2.tgz 114ms (cache miss)
271 http fetch GET 200 https://registry.npmjs.org/@standard-schema/spec/-/spec-1.0.0.tgz 124ms (cache miss)
272 http fetch GET 200 https://registry.npmjs.org/consola/-/consola-3.4.2.tgz 132ms (cache miss)
273 http fetch GET 200 https://registry.npmjs.org/pure-rand/-/pure-rand-6.1.0.tgz 142ms (cache miss)
274 http fetch GET 200 https://registry.npmjs.org/node-fetch-native/-/node-fetch-native-1.6.7.tgz 145ms (cache miss)
275 http fetch GET 200 https://registry.npmjs.org/ohash/-/ohash-2.0.11.tgz 161ms (cache miss)
276 http fetch GET 200 https://registry.npmjs.org/confbox/-/confbox-0.2.2.tgz 188ms (cache miss)
277 http fetch GET 200 https://registry.npmjs.org/exsolve/-/exsolve-1.0.7.tgz 196ms (cache miss)
278 http fetch GET 200 https://registry.npmjs.org/giget/-/giget-2.0.0.tgz 199ms (cache miss)
279 http fetch GET 200 https://registry.npmjs.org/defu/-/defu-6.1.4.tgz 208ms (cache miss)
280 http fetch GET 200 https://registry.npmjs.org/chokidar/-/chokidar-4.0.3.tgz 219ms (cache miss)
281 http fetch GET 200 https://registry.npmjs.org/@prisma/debug/-/debug-6.17.1.tgz 247ms (cache miss)
282 http fetch POST 200 https://registry.npmjs.org/-/npm/v1/security/advisories/bulk 272ms
283 silly audit report {}
284 http fetch GET 200 https://registry.npmjs.org/fast-check/-/fast-check-3.23.2.tgz 267ms (cache miss)
285 http fetch GET 200 https://registry.npmjs.org/pkg-types/-/pkg-types-2.3.0.tgz 269ms (cache miss)
286 http fetch GET 200 https://registry.npmjs.org/empathic/-/empathic-2.0.0.tgz 269ms (cache miss)
287 http fetch GET 200 https://registry.npmjs.org/tinyexec/-/tinyexec-1.0.1.tgz 271ms (cache miss)
288 http fetch GET 200 https://registry.npmjs.org/pathe/-/pathe-2.0.3.tgz 272ms (cache miss)
289 http fetch GET 200 https://registry.npmjs.org/@prisma/get-platform/-/get-platform-6.17.1.tgz 281ms (cache miss)
290 http fetch GET 200 https://registry.npmjs.org/rc9/-/rc9-2.1.2.tgz 302ms (cache miss)
291 http fetch GET 200 https://registry.npmjs.org/deepmerge-ts/-/deepmerge-ts-7.1.5.tgz 318ms (cache miss)
292 http fetch GET 200 https://registry.npmjs.org/readdirp/-/readdirp-4.1.2.tgz 323ms (cache miss)
293 http fetch GET 200 https://registry.npmjs.org/perfect-debounce/-/perfect-debounce-1.0.0.tgz 357ms (cache miss)
294 http fetch GET 200 https://registry.npmjs.org/c12/-/c12-3.1.0.tgz 361ms (cache miss)
295 http fetch GET 200 https://registry.npmjs.org/dotenv/-/dotenv-16.6.1.tgz 386ms (cache miss)
296 http fetch GET 200 https://registry.npmjs.org/@prisma/fetch-engine/-/fetch-engine-6.17.1.tgz 414ms (cache miss)
297 http fetch GET 200 https://registry.npmjs.org/@prisma/config/-/config-6.17.1.tgz 415ms (cache miss)
298 http fetch GET 200 https://registry.npmjs.org/@prisma/engines-version/-/engines-version-6.17.1-1.272a37d34178c2894197e17273bf937f25acdeac.tgz 485ms (cache miss)
299 http fetch GET 200 https://registry.npmjs.org/@prisma/engines/-/engines-6.17.1.tgz 518ms (cache miss)
300 http fetch GET 200 https://registry.npmjs.org/zod/-/zod-4.1.12.tgz 685ms (cache miss)
301 http fetch GET 200 https://registry.npmjs.org/effect/-/effect-3.16.12.tgz 1267ms (cache miss)
302 http fetch GET 200 https://registry.npmjs.org/prisma/-/prisma-6.17.1.tgz 2345ms (cache miss)
303 http fetch GET 200 https://registry.npmjs.org/@prisma/client/-/client-6.17.1.tgz 2622ms (cache miss)
304 info run prisma@6.17.1 preinstall node_modules/prisma node scripts/preinstall-entry.js
305 info run prisma@6.17.1 preinstall { code: 0, signal: null }
306 info run @prisma/client@6.17.1 postinstall node_modules/@prisma/client node scripts/postinstall.js
307 info run @prisma/engines@6.17.1 postinstall node_modules/@prisma/engines node scripts/postinstall.js
308 info run @prisma/engines@6.17.1 postinstall { code: 0, signal: null }
309 info run @prisma/client@6.17.1 postinstall { code: 0, signal: null }
310 silly ADD node_modules/destr
311 silly ADD node_modules/tinyexec
312 silly ADD node_modules/nypm
313 silly ADD node_modules/node-fetch-native
314 silly ADD node_modules/consola
315 silly ADD node_modules/citty
316 silly ADD node_modules/pure-rand
317 silly ADD node_modules/fast-check
318 silly ADD node_modules/@standard-schema/spec
319 silly ADD node_modules/readdirp
320 silly ADD node_modules/rc9
321 silly ADD node_modules/pkg-types
322 silly ADD node_modules/perfect-debounce
323 silly ADD node_modules/pathe
324 silly ADD node_modules/ohash
325 silly ADD node_modules/giget
326 silly ADD node_modules/exsolve
327 silly ADD node_modules/dotenv
328 silly ADD node_modules/defu
329 silly ADD node_modules/confbox
330 silly ADD node_modules/chokidar
331 silly ADD node_modules/@prisma/get-platform
332 silly ADD node_modules/@prisma/fetch-engine
333 silly ADD node_modules/@prisma/engines-version
334 silly ADD node_modules/@prisma/debug
335 silly ADD node_modules/empathic
336 silly ADD node_modules/effect
337 silly ADD node_modules/deepmerge-ts
338 silly ADD node_modules/c12
339 silly ADD node_modules/@prisma/engines
340 silly ADD node_modules/@prisma/config
341 silly ADD node_modules/zod
342 silly ADD node_modules/prisma
343 silly ADD node_modules/@prisma/client
344 verbose cwd /Users/admin/Documents/USITech/usitech
345 verbose os Darwin 24.3.0
346 verbose node v24.6.0
347 verbose npm  v11.5.1
348 notice
348 notice New minor version of npm available! 11.5.1 -> 11.6.2
348 notice Changelog: https://github.com/npm/cli/releases/tag/v11.6.2
348 notice To update run: npm install -g npm@11.6.2
348 notice  { force: true, Symbol(proc-log.meta): true }
349 verbose exit 0
350 info ok
