0 verbose cli /usr/local/bin/node /usr/local/bin/npm
1 info using npm@11.5.1
2 info using node@v24.6.0
3 silly config load:file:/usr/local/lib/node_modules/npm/npmrc
4 silly config load:file:/Users/admin/Documents/USITech/usitech/.npmrc
5 silly config load:file:/Users/admin/.npmrc
6 silly config load:file:/usr/local/etc/npmrc
7 verbose title npm i websocket
8 verbose argv "i" "websocket"
9 verbose logfile logs-max:10 dir:/Users/admin/Documents/USITech/usitech/npm-cache/_logs/2025-11-02T06_01_30_229Z-
10 verbose logfile /Users/admin/Documents/USITech/usitech/npm-cache/_logs/2025-11-02T06_01_30_229Z-debug-0.log
11 silly logfile start cleaning logs, removing 1 files
12 silly packumentCache heap:4496293888 maxSize:1124073472 maxEntrySize:562036736
13 silly logfile done cleaning log files
14 silly idealTree buildDeps
15 silly fetch manifest websocket@*
16 silly packumentCache full:https://registry.npmjs.org/websocket cache-miss
17 http fetch GET 200 https://registry.npmjs.org/websocket 236ms (cache miss)
18 silly packumentCache full:https://registry.npmjs.org/websocket set size:undefined disposed:false
19 silly placeDep ROOT websocket@1.0.35 OK for: usitech@0.1.0 want: *
20 silly fetch manifest bufferutil@^4.0.1
21 silly packumentCache full:https://registry.npmjs.org/bufferutil cache-miss
22 silly fetch manifest debug@^2.2.0
23 silly packumentCache full:https://registry.npmjs.org/debug cache-miss
24 silly fetch manifest es5-ext@^0.10.63
25 silly packumentCache full:https://registry.npmjs.org/es5-ext cache-miss
26 silly fetch manifest typedarray-to-buffer@^3.1.5
27 silly packumentCache full:https://registry.npmjs.org/typedarray-to-buffer cache-miss
28 silly fetch manifest utf-8-validate@^5.0.2
29 silly packumentCache full:https://registry.npmjs.org/utf-8-validate cache-miss
30 silly fetch manifest yaeti@^0.0.6
31 silly packumentCache full:https://registry.npmjs.org/yaeti cache-miss
32 http cache https://registry.npmjs.org/utf-8-validate 7ms (cache hit)
33 silly packumentCache full:https://registry.npmjs.org/utf-8-validate set size:75205 disposed:false
34 http cache https://registry.npmjs.org/bufferutil 8ms (cache hit)
35 silly packumentCache full:https://registry.npmjs.org/bufferutil set size:51033 disposed:false
36 http cache https://registry.npmjs.org/debug 9ms (cache hit)
37 silly packumentCache full:https://registry.npmjs.org/debug set size:195840 disposed:false
38 http fetch GET 200 https://registry.npmjs.org/es5-ext 71ms (cache miss)
39 silly packumentCache full:https://registry.npmjs.org/es5-ext set size:undefined disposed:false
40 http fetch GET 200 https://registry.npmjs.org/yaeti 204ms (cache miss)
41 silly packumentCache full:https://registry.npmjs.org/yaeti set size:undefined disposed:false
42 http fetch GET 200 https://registry.npmjs.org/typedarray-to-buffer 211ms (cache miss)
43 silly packumentCache full:https://registry.npmjs.org/typedarray-to-buffer set size:undefined disposed:false
44 silly placeDep ROOT bufferutil@4.0.9 OK for: websocket@1.0.35 want: ^4.0.1
45 silly placeDep node_modules/websocket debug@2.6.9 OK for: websocket@1.0.35 want: ^2.2.0
46 silly placeDep ROOT es5-ext@0.10.64 OK for: websocket@1.0.35 want: ^0.10.63
47 silly placeDep ROOT typedarray-to-buffer@3.1.5 OK for: websocket@1.0.35 want: ^3.1.5
48 silly placeDep ROOT utf-8-validate@5.0.10 OK for: websocket@1.0.35 want: ^5.0.2
49 silly placeDep ROOT yaeti@0.0.6 OK for: websocket@1.0.35 want: ^0.0.6
50 silly fetch manifest node-gyp-build@^4.3.0
51 silly packumentCache full:https://registry.npmjs.org/node-gyp-build cache-miss
52 silly fetch manifest ms@2.0.0
53 silly packumentCache full:https://registry.npmjs.org/ms cache-miss
54 silly fetch manifest es6-iterator@^2.0.3
55 silly packumentCache full:https://registry.npmjs.org/es6-iterator cache-miss
56 silly fetch manifest es6-symbol@^3.1.3
57 silly packumentCache full:https://registry.npmjs.org/es6-symbol cache-miss
58 silly fetch manifest esniff@^2.0.1
59 silly packumentCache full:https://registry.npmjs.org/esniff cache-miss
60 silly fetch manifest next-tick@^1.1.0
61 silly packumentCache full:https://registry.npmjs.org/next-tick cache-miss
62 silly fetch manifest is-typedarray@^1.0.0
63 silly packumentCache full:https://registry.npmjs.org/is-typedarray cache-miss
64 silly fetch manifest node-gyp-build@^4.3.0
65 silly packumentCache full:https://registry.npmjs.org/node-gyp-build cache-miss
66 http fetch GET 200 https://registry.npmjs.org/es6-iterator 65ms (cache miss)
67 silly packumentCache full:https://registry.npmjs.org/es6-iterator set size:undefined disposed:false
68 http fetch GET 200 https://registry.npmjs.org/node-gyp-build 67ms (cache miss)
69 silly packumentCache full:https://registry.npmjs.org/node-gyp-build set size:undefined disposed:false
70 http fetch GET 200 https://registry.npmjs.org/es6-symbol 74ms (cache miss)
71 silly packumentCache full:https://registry.npmjs.org/es6-symbol set size:undefined disposed:false
72 http fetch GET 200 https://registry.npmjs.org/esniff 209ms (cache miss)
73 silly packumentCache full:https://registry.npmjs.org/esniff set size:undefined disposed:false
74 http fetch GET 200 https://registry.npmjs.org/next-tick 209ms (cache miss)
75 silly packumentCache full:https://registry.npmjs.org/next-tick set size:undefined disposed:false
76 http fetch GET 200 https://registry.npmjs.org/ms 221ms (cache revalidated)
77 silly packumentCache full:https://registry.npmjs.org/ms set size:92208 disposed:false
78 http fetch GET 200 https://registry.npmjs.org/is-typedarray 225ms (cache miss)
79 silly packumentCache full:https://registry.npmjs.org/is-typedarray set size:undefined disposed:false
80 http fetch GET 200 https://registry.npmjs.org/node-gyp-build 226ms (cache miss)
81 silly packumentCache full:https://registry.npmjs.org/node-gyp-build set size:undefined disposed:false
82 silly placeDep ROOT node-gyp-build@4.8.4 OK for: bufferutil@4.0.9 want: ^4.3.0
83 silly placeDep ROOT es6-iterator@2.0.3 OK for: es5-ext@0.10.64 want: ^2.0.3
84 silly placeDep ROOT es6-symbol@3.1.4 OK for: es5-ext@0.10.64 want: ^3.1.3
85 silly placeDep ROOT esniff@2.0.1 OK for: es5-ext@0.10.64 want: ^2.0.1
86 silly placeDep ROOT next-tick@1.1.0 OK for: es5-ext@0.10.64 want: ^1.1.0
87 silly fetch manifest d@1
88 silly packumentCache full:https://registry.npmjs.org/d cache-miss
89 silly fetch manifest es6-symbol@^3.1.1
90 silly packumentCache full:https://registry.npmjs.org/es6-symbol cache-miss
91 silly fetch manifest d@^1.0.2
92 silly packumentCache full:https://registry.npmjs.org/d cache-miss
93 silly fetch manifest ext@^1.7.0
94 silly packumentCache full:https://registry.npmjs.org/ext cache-miss
95 silly fetch manifest d@^1.0.1
96 silly packumentCache full:https://registry.npmjs.org/d cache-miss
97 silly fetch manifest event-emitter@^0.3.5
98 silly packumentCache full:https://registry.npmjs.org/event-emitter cache-miss
99 silly fetch manifest type@^2.7.2
100 silly packumentCache full:https://registry.npmjs.org/type cache-miss
101 http cache https://registry.npmjs.org/es6-symbol 4ms (cache hit)
102 silly packumentCache full:https://registry.npmjs.org/es6-symbol set size:32033 disposed:false
103 http fetch GET 200 https://registry.npmjs.org/event-emitter 67ms (cache miss)
104 silly packumentCache full:https://registry.npmjs.org/event-emitter set size:undefined disposed:false
105 http fetch GET 200 https://registry.npmjs.org/d 68ms (cache miss)
106 silly packumentCache full:https://registry.npmjs.org/d set size:undefined disposed:false
107 http fetch GET 200 https://registry.npmjs.org/d 69ms (cache miss)
108 silly packumentCache full:https://registry.npmjs.org/d set size:undefined disposed:false
109 http fetch GET 200 https://registry.npmjs.org/d 69ms (cache miss)
110 silly packumentCache full:https://registry.npmjs.org/d set size:undefined disposed:false
111 http fetch GET 200 https://registry.npmjs.org/type 70ms (cache miss)
112 silly packumentCache full:https://registry.npmjs.org/type set size:undefined disposed:false
113 http fetch GET 200 https://registry.npmjs.org/ext 71ms (cache miss)
114 silly packumentCache full:https://registry.npmjs.org/ext set size:undefined disposed:false
115 silly placeDep ROOT d@1.0.2 OK for: es6-iterator@2.0.3 want: 1
116 silly placeDep ROOT type@2.7.3 OK for: d@1.0.2 want: ^2.7.2
117 silly placeDep ROOT ext@1.7.0 OK for: es6-symbol@3.1.4 want: ^1.7.0
118 silly placeDep ROOT event-emitter@0.3.5 OK for: esniff@2.0.1 want: ^0.3.5
119 silly placeDep ROOT is-typedarray@1.0.0 OK for: typedarray-to-buffer@3.1.5 want: ^1.0.0
120 silly placeDep node_modules/websocket ms@2.0.0 OK for: debug@2.6.9 want: 2.0.0
121 silly reify moves {}
122 silly audit bulk request {
122 silly audit   '@alloc/quick-lru': [ '5.2.0' ],
122 silly audit   '@cloudinary-util/types': [ '1.5.10' ],
122 silly audit   '@cloudinary-util/url-loader': [ '5.10.4' ],
122 silly audit   '@cloudinary-util/util': [ '3.3.2', '4.0.0' ],
122 silly audit   zod: [ '3.25.76', '4.1.12' ],
122 silly audit   '@cloudinary/transformation-builder-sdk': [ '1.21.2' ],
122 silly audit   '@cloudinary/url-gen': [ '1.15.0' ],
122 silly audit   '@emnapi/core': [ '1.5.0' ],
122 silly audit   '@emnapi/runtime': [ '1.5.0' ],
122 silly audit   '@emnapi/wasi-threads': [ '1.1.0' ],
122 silly audit   '@eslint-community/eslint-utils': [ '4.9.0' ],
122 silly audit   'eslint-visitor-keys': [ '3.4.3', '4.2.1' ],
122 silly audit   '@eslint-community/regexpp': [ '4.12.1' ],
122 silly audit   '@eslint/config-array': [ '0.21.0' ],
122 silly audit   '@eslint/config-helpers': [ '0.4.0' ],
122 silly audit   '@eslint/core': [ '0.16.0' ],
122 silly audit   '@eslint/eslintrc': [ '3.3.1' ],
122 silly audit   '@eslint/js': [ '9.37.0' ],
122 silly audit   '@eslint/object-schema': [ '2.1.6' ],
122 silly audit   '@eslint/plugin-kit': [ '0.4.0' ],
122 silly audit   '@humanfs/core': [ '0.19.1' ],
122 silly audit   '@humanfs/node': [ '0.16.7' ],
122 silly audit   '@humanwhocodes/module-importer': [ '1.0.1' ],
122 silly audit   '@humanwhocodes/retry': [ '0.4.3' ],
122 silly audit   '@img/colour': [ '1.0.0' ],
122 silly audit   '@img/sharp-darwin-arm64': [ '0.34.4' ],
122 silly audit   '@img/sharp-darwin-x64': [ '0.34.4' ],
122 silly audit   '@img/sharp-libvips-darwin-arm64': [ '1.2.3' ],
122 silly audit   '@img/sharp-libvips-darwin-x64': [ '1.2.3' ],
122 silly audit   '@img/sharp-libvips-linux-arm': [ '1.2.3' ],
122 silly audit   '@img/sharp-libvips-linux-arm64': [ '1.2.3' ],
122 silly audit   '@img/sharp-libvips-linux-ppc64': [ '1.2.3' ],
122 silly audit   '@img/sharp-libvips-linux-s390x': [ '1.2.3' ],
122 silly audit   '@img/sharp-libvips-linux-x64': [ '1.2.3' ],
122 silly audit   '@img/sharp-libvips-linuxmusl-arm64': [ '1.2.3' ],
122 silly audit   '@img/sharp-libvips-linuxmusl-x64': [ '1.2.3' ],
122 silly audit   '@img/sharp-linux-arm': [ '0.34.4' ],
122 silly audit   '@img/sharp-linux-arm64': [ '0.34.4' ],
122 silly audit   '@img/sharp-linux-ppc64': [ '0.34.4' ],
122 silly audit   '@img/sharp-linux-s390x': [ '0.34.4' ],
122 silly audit   '@img/sharp-linux-x64': [ '0.34.4' ],
122 silly audit   '@img/sharp-linuxmusl-arm64': [ '0.34.4' ],
122 silly audit   '@img/sharp-linuxmusl-x64': [ '0.34.4' ],
122 silly audit   '@img/sharp-wasm32': [ '0.34.4' ],
122 silly audit   '@img/sharp-win32-arm64': [ '0.34.4' ],
122 silly audit   '@img/sharp-win32-ia32': [ '0.34.4' ],
122 silly audit   '@img/sharp-win32-x64': [ '0.34.4' ],
122 silly audit   '@isaacs/fs-minipass': [ '4.0.1' ],
122 silly audit   '@jridgewell/gen-mapping': [ '0.3.13' ],
122 silly audit   '@jridgewell/remapping': [ '2.3.5' ],
122 silly audit   '@jridgewell/resolve-uri': [ '3.1.2' ],
122 silly audit   '@jridgewell/sourcemap-codec': [ '1.5.5' ],
122 silly audit   '@jridgewell/trace-mapping': [ '0.3.31' ],
122 silly audit   '@napi-rs/wasm-runtime': [ '0.2.12' ],
122 silly audit   '@next/env': [ '15.5.4' ],
122 silly audit   '@next/eslint-plugin-next': [ '15.5.4' ],
122 silly audit   '@next/swc-darwin-arm64': [ '15.5.4' ],
122 silly audit   '@next/swc-darwin-x64': [ '15.5.4' ],
122 silly audit   '@next/swc-linux-arm64-gnu': [ '15.5.4' ],
122 silly audit   '@next/swc-linux-arm64-musl': [ '15.5.4' ],
122 silly audit   '@next/swc-linux-x64-gnu': [ '15.5.4' ],
122 silly audit   '@next/swc-linux-x64-musl': [ '15.5.4' ],
122 silly audit   '@next/swc-win32-arm64-msvc': [ '15.5.4' ],
122 silly audit   '@next/swc-win32-x64-msvc': [ '15.5.4' ],
122 silly audit   '@nodelib/fs.scandir': [ '2.1.5' ],
122 silly audit   '@nodelib/fs.stat': [ '2.0.5' ],
122 silly audit   '@nodelib/fs.walk': [ '1.2.8' ],
122 silly audit   '@nolyfill/is-core-module': [ '1.0.39' ],
122 silly audit   '@prisma/client': [ '6.17.1' ],
122 silly audit   '@prisma/config': [ '6.17.1' ],
122 silly audit   '@prisma/debug': [ '6.17.1' ],
122 silly audit   '@prisma/engines': [ '6.17.1' ],
122 silly audit   '@prisma/engines-version': [ '6.17.1-1.272a37d34178c2894197e17273bf937f25acdeac' ],
122 silly audit   '@prisma/fetch-engine': [ '6.17.1' ],
122 silly audit   '@prisma/get-platform': [ '6.17.1' ],
122 silly audit   '@radix-ui/primitive': [ '1.1.3' ],
122 silly audit   '@radix-ui/react-compose-refs': [ '1.1.2' ],
122 silly audit   '@radix-ui/react-context': [ '1.1.2' ],
122 silly audit   '@radix-ui/react-label': [ '2.1.7' ],
122 silly audit   '@radix-ui/react-primitive': [ '2.1.3' ],
122 silly audit   '@radix-ui/react-slot': [ '1.2.3' ],
122 silly audit   '@radix-ui/react-switch': [ '1.2.6' ],
122 silly audit   '@radix-ui/react-use-controllable-state': [ '1.2.2' ],
122 silly audit   '@radix-ui/react-use-effect-event': [ '0.0.2' ],
122 silly audit   '@radix-ui/react-use-layout-effect': [ '1.1.1' ],
122 silly audit   '@radix-ui/react-use-previous': [ '1.1.1' ],
122 silly audit   '@radix-ui/react-use-size': [ '1.1.1' ],
122 silly audit   '@rtsao/scc': [ '1.1.0' ],
122 silly audit   '@rushstack/eslint-patch': [ '1.13.0' ],
122 silly audit   '@socket.io/component-emitter': [ '3.1.2' ],
122 silly audit   '@standard-schema/spec': [ '1.0.0' ],
122 silly audit   '@swc/helpers': [ '0.5.15' ],
122 silly audit   '@tailwindcss/node': [ '4.1.14' ],
122 silly audit   '@tailwindcss/oxide': [ '4.1.14' ],
122 silly audit   '@tailwindcss/oxide-android-arm64': [ '4.1.14' ],
122 silly audit   '@tailwindcss/oxide-darwin-arm64': [ '4.1.14' ],
122 silly audit   '@tailwindcss/oxide-darwin-x64': [ '4.1.14' ],
122 silly audit   '@tailwindcss/oxide-freebsd-x64': [ '4.1.14' ],
122 silly audit   '@tailwindcss/oxide-linux-arm-gnueabihf': [ '4.1.14' ],
122 silly audit   '@tailwindcss/oxide-linux-arm64-gnu': [ '4.1.14' ],
122 silly audit   '@tailwindcss/oxide-linux-arm64-musl': [ '4.1.14' ],
122 silly audit   '@tailwindcss/oxide-linux-x64-gnu': [ '4.1.14' ],
122 silly audit   '@tailwindcss/oxide-linux-x64-musl': [ '4.1.14' ],
122 silly audit   '@tailwindcss/oxide-wasm32-wasi': [ '4.1.14' ],
122 silly audit   '@tailwindcss/oxide-win32-arm64-msvc': [ '4.1.14' ],
122 silly audit   '@tailwindcss/oxide-win32-x64-msvc': [ '4.1.14' ],
122 silly audit   '@tailwindcss/postcss': [ '4.1.14' ],
122 silly audit   '@tybys/wasm-util': [ '0.10.1' ],
122 silly audit   '@types/estree': [ '1.0.8' ],
122 silly audit   '@types/js-cookie': [ '3.0.6' ],
122 silly audit   '@types/json-schema': [ '7.0.15' ],
122 silly audit   '@types/json5': [ '0.0.29' ],
122 silly audit   '@types/node': [ '20.19.19' ],
122 silly audit   '@types/react': [ '19.2.0' ],
122 silly audit   '@types/react-dom': [ '19.2.0' ],
122 silly audit   '@typescript-eslint/eslint-plugin': [ '8.45.0' ],
122 silly audit   ignore: [ '7.0.5', '5.3.2' ],
122 silly audit   '@typescript-eslint/parser': [ '8.45.0' ],
122 silly audit   '@typescript-eslint/project-service': [ '8.45.0' ],
122 silly audit   '@typescript-eslint/scope-manager': [ '8.45.0' ],
122 silly audit   '@typescript-eslint/tsconfig-utils': [ '8.45.0' ],
122 silly audit   '@typescript-eslint/type-utils': [ '8.45.0' ],
122 silly audit   '@typescript-eslint/types': [ '8.45.0' ],
122 silly audit   '@typescript-eslint/typescript-estree': [ '8.45.0' ],
122 silly audit   'brace-expansion': [ '2.0.2', '1.1.12' ],
122 silly audit   'fast-glob': [ '3.3.3', '3.3.1' ],
122 silly audit   'glob-parent': [ '5.1.2', '6.0.2' ],
122 silly audit   minimatch: [ '9.0.5', '3.1.2' ],
122 silly audit   '@typescript-eslint/utils': [ '8.45.0' ],
122 silly audit   '@typescript-eslint/visitor-keys': [ '8.45.0' ],
122 silly audit   '@unrs/resolver-binding-android-arm-eabi': [ '1.11.1' ],
122 silly audit   '@unrs/resolver-binding-android-arm64': [ '1.11.1' ],
122 silly audit   '@unrs/resolver-binding-darwin-arm64': [ '1.11.1' ],
122 silly audit   '@unrs/resolver-binding-darwin-x64': [ '1.11.1' ],
122 silly audit   '@unrs/resolver-binding-freebsd-x64': [ '1.11.1' ],
122 silly audit   '@unrs/resolver-binding-linux-arm-gnueabihf': [ '1.11.1' ],
122 silly audit   '@unrs/resolver-binding-linux-arm-musleabihf': [ '1.11.1' ],
122 silly audit   '@unrs/resolver-binding-linux-arm64-gnu': [ '1.11.1' ],
122 silly audit   '@unrs/resolver-binding-linux-arm64-musl': [ '1.11.1' ],
122 silly audit   '@unrs/resolver-binding-linux-ppc64-gnu': [ '1.11.1' ],
122 silly audit   '@unrs/resolver-binding-linux-riscv64-gnu': [ '1.11.1' ],
122 silly audit   '@unrs/resolver-binding-linux-riscv64-musl': [ '1.11.1' ],
122 silly audit   '@unrs/resolver-binding-linux-s390x-gnu': [ '1.11.1' ],
122 silly audit   '@unrs/resolver-binding-linux-x64-gnu': [ '1.11.1' ],
122 silly audit   '@unrs/resolver-binding-linux-x64-musl': [ '1.11.1' ],
122 silly audit   '@unrs/resolver-binding-wasm32-wasi': [ '1.11.1' ],
122 silly audit   '@unrs/resolver-binding-win32-arm64-msvc': [ '1.11.1' ],
122 silly audit   '@unrs/resolver-binding-win32-ia32-msvc': [ '1.11.1' ],
122 silly audit   '@unrs/resolver-binding-win32-x64-msvc': [ '1.11.1' ],
122 silly audit   acorn: [ '8.15.0' ],
122 silly audit   'acorn-jsx': [ '5.3.2' ],
122 silly audit   ajv: [ '6.12.6' ],
122 silly audit   'ansi-styles': [ '4.3.0' ],
122 silly audit   argparse: [ '2.0.1' ],
122 silly audit   'aria-query': [ '5.3.2' ],
122 silly audit   'array-buffer-byte-length': [ '1.0.2' ],
122 silly audit   'array-includes': [ '3.1.9' ],
122 silly audit   'array.prototype.findlast': [ '1.2.5' ],
122 silly audit   'array.prototype.findlastindex': [ '1.2.6' ],
122 silly audit   'array.prototype.flat': [ '1.3.3' ],
122 silly audit   'array.prototype.flatmap': [ '1.3.3' ],
122 silly audit   'array.prototype.tosorted': [ '1.1.4' ],
122 silly audit   'arraybuffer.prototype.slice': [ '1.0.4' ],
122 silly audit   'ast-types-flow': [ '0.0.8' ],
122 silly audit   'async-function': [ '1.0.0' ],
122 silly audit   'available-typed-arrays': [ '1.0.7' ],
122 silly audit   'axe-core': [ '4.10.3' ],
122 silly audit   'axobject-query': [ '4.1.0' ],
122 silly audit   'balanced-match': [ '1.0.2' ],
122 silly audit   braces: [ '3.0.3' ],
122 silly audit   c12: [ '3.1.0' ],
122 silly audit   'call-bind': [ '1.0.8' ],
122 silly audit   'call-bind-apply-helpers': [ '1.0.2' ],
122 silly audit   'call-bound': [ '1.0.4' ],
122 silly audit   callsites: [ '3.1.0' ],
122 silly audit   'caniuse-lite': [ '1.0.30001747' ],
122 silly audit   chalk: [ '4.1.2' ],
122 silly audit   chokidar: [ '4.0.3' ],
122 silly audit   chownr: [ '3.0.0' ],
122 silly audit   citty: [ '0.1.6' ],
122 silly audit   'class-variance-authority': [ '0.7.1' ],
122 silly audit   'client-only': [ '0.0.1' ],
122 silly audit   clsx: [ '2.1.1' ],
122 silly audit   'color-convert': [ '2.0.1' ],
122 silly audit   'color-name': [ '1.1.4' ],
122 silly audit   'concat-map': [ '0.0.1' ],
122 silly audit   confbox: [ '0.2.2' ],
122 silly audit   consola: [ '3.4.2' ],
122 silly audit   'cross-spawn': [ '7.0.6' ],
122 silly audit   csstype: [ '3.1.3' ],
122 silly audit   'damerau-levenshtein': [ '1.0.8' ],
122 silly audit   'data-view-buffer': [ '1.0.2' ],
122 silly audit   'data-view-byte-length': [ '1.0.2' ],
122 silly audit   'data-view-byte-offset': [ '1.0.1' ],
122 silly audit   debug: [ '4.4.3', '4.3.7', '3.2.7', '2.6.9' ],
122 silly audit   'deep-is': [ '0.1.4' ],
122 silly audit   'deepmerge-ts': [ '7.1.5' ],
122 silly audit   'define-data-property': [ '1.1.4' ],
122 silly audit   'define-properties': [ '1.2.1' ],
122 silly audit   defu: [ '6.1.4' ],
122 silly audit   destr: [ '2.0.5' ],
122 silly audit   'detect-libc': [ '2.1.1' ],
122 silly audit   doctrine: [ '2.1.0' ],
122 silly audit   dotenv: [ '16.6.1' ],
122 silly audit   'dunder-proto': [ '1.0.1' ],
122 silly audit   effect: [ '3.16.12' ],
122 silly audit   'emoji-regex': [ '9.2.2' ],
122 silly audit   empathic: [ '2.0.0' ],
122 silly audit   'engine.io-client': [ '6.6.3' ],
122 silly audit   'engine.io-parser': [ '5.2.3' ],
122 silly audit   'enhanced-resolve': [ '5.18.3' ],
122 silly audit   'es-abstract': [ '1.24.0' ],
122 silly audit   'es-define-property': [ '1.0.1' ],
122 silly audit   'es-errors': [ '1.3.0' ],
122 silly audit   'es-iterator-helpers': [ '1.2.1' ],
122 silly audit   'es-object-atoms': [ '1.1.1' ],
122 silly audit   'es-set-tostringtag': [ '2.1.0' ],
122 silly audit   'es-shim-unscopables': [ '1.1.0' ],
122 silly audit   'es-to-primitive': [ '1.3.0' ],
122 silly audit   'escape-string-regexp': [ '4.0.0' ],
122 silly audit   eslint: [ '9.37.0' ],
122 silly audit   'eslint-config-next': [ '15.5.4' ],
122 silly audit   'eslint-import-resolver-node': [ '0.3.9' ],
122 silly audit   'eslint-import-resolver-typescript': [ '3.10.1' ],
122 silly audit   'eslint-module-utils': [ '2.12.1' ],
122 silly audit   'eslint-plugin-import': [ '2.32.0' ],
122 silly audit   semver: [ '6.3.1', '7.7.2' ],
122 silly audit   'eslint-plugin-jsx-a11y': [ '6.10.2' ],
122 silly audit   'eslint-plugin-react': [ '7.37.5' ],
122 silly audit   'eslint-plugin-react-hooks': [ '5.2.0' ],
122 silly audit   resolve: [ '2.0.0-next.5', '1.22.10' ],
122 silly audit   'eslint-scope': [ '8.4.0' ],
122 silly audit   espree: [ '10.4.0' ],
122 silly audit   esquery: [ '1.6.0' ],
122 silly audit   esrecurse: [ '4.3.0' ],
122 silly audit   estraverse: [ '5.3.0' ],
122 silly audit   esutils: [ '2.0.3' ],
122 silly audit   exsolve: [ '1.0.7' ],
122 silly audit   'fast-check': [ '3.23.2' ],
122 silly audit   'fast-deep-equal': [ '3.1.3' ],
122 silly audit   'fast-json-stable-stringify': [ '2.1.0' ],
122 silly audit   'fast-levenshtein': [ '2.0.6' ],
122 silly audit   fastq: [ '1.19.1' ],
122 silly audit   fdir: [ '6.5.0' ],
122 silly audit   'file-entry-cache': [ '8.0.0' ],
122 silly audit   'fill-range': [ '7.1.1' ],
122 silly audit   'find-up': [ '5.0.0' ],
122 silly audit   'flat-cache': [ '4.0.1' ],
122 silly audit   flatted: [ '3.3.3' ],
122 silly audit   'for-each': [ '0.3.5' ],
122 silly audit   'framer-motion': [ '12.23.22' ],
122 silly audit   'function-bind': [ '1.1.2' ],
122 silly audit   'function.prototype.name': [ '1.1.8' ],
122 silly audit   'functions-have-names': [ '1.2.3' ],
122 silly audit   'generator-function': [ '2.0.1' ],
122 silly audit   'get-intrinsic': [ '1.3.0' ],
122 silly audit   'get-proto': [ '1.0.1' ],
122 silly audit   'get-symbol-description': [ '1.1.0' ],
122 silly audit   'get-tsconfig': [ '4.10.1' ],
122 silly audit   giget: [ '2.0.0' ],
122 silly audit   globals: [ '14.0.0' ],
122 silly audit   globalthis: [ '1.0.4' ],
122 silly audit   gopd: [ '1.2.0' ],
122 silly audit   'graceful-fs': [ '4.2.11' ],
122 silly audit   graphemer: [ '1.4.0' ],
122 silly audit   'has-bigints': [ '1.1.0' ],
122 silly audit   'has-flag': [ '4.0.0' ],
122 silly audit   'has-property-descriptors': [ '1.0.2' ],
122 silly audit   'has-proto': [ '1.2.0' ],
122 silly audit   'has-symbols': [ '1.1.0' ],
122 silly audit   'has-tostringtag': [ '1.0.2' ],
122 silly audit   hasown: [ '2.0.2' ],
122 silly audit   'import-fresh': [ '3.3.1' ],
122 silly audit   imurmurhash: [ '0.1.4' ],
122 silly audit   'internal-slot': [ '1.1.0' ],
122 silly audit   'is-array-buffer': [ '3.0.5' ],
122 silly audit   'is-async-function': [ '2.1.1' ],
122 silly audit   'is-bigint': [ '1.1.0' ],
122 silly audit   'is-boolean-object': [ '1.2.2' ],
122 silly audit   'is-bun-module': [ '2.0.0' ],
122 silly audit   'is-callable': [ '1.2.7' ],
122 silly audit   'is-core-module': [ '2.16.1' ],
122 silly audit   'is-data-view': [ '1.0.2' ],
122 silly audit   'is-date-object': [ '1.1.0' ],
122 silly audit   'is-extglob': [ '2.1.1' ],
122 silly audit   'is-finalizationregistry': [ '1.1.1' ],
122 silly audit   'is-generator-function': [ '1.1.2' ],
122 silly audit   'is-glob': [ '4.0.3' ],
122 silly audit   'is-map': [ '2.0.3' ],
122 silly audit   'is-negative-zero': [ '2.0.3' ],
122 silly audit   'is-number': [ '7.0.0' ],
122 silly audit   'is-number-object': [ '1.1.1' ],
122 silly audit   'is-regex': [ '1.2.1' ],
122 silly audit   'is-set': [ '2.0.3' ],
122 silly audit   'is-shared-array-buffer': [ '1.0.4' ],
122 silly audit   'is-string': [ '1.1.1' ],
122 silly audit   'is-symbol': [ '1.1.1' ],
122 silly audit   'is-typed-array': [ '1.1.15' ],
122 silly audit   'is-weakmap': [ '2.0.2' ],
122 silly audit   'is-weakref': [ '1.1.1' ],
122 silly audit   'is-weakset': [ '2.0.4' ],
122 silly audit   isarray: [ '2.0.5' ],
122 silly audit   isexe: [ '2.0.0' ],
122 silly audit   'iterator.prototype': [ '1.1.5' ],
122 silly audit   jiti: [ '2.6.1' ],
122 silly audit   'js-cookie': [ '3.0.5' ],
122 silly audit   'js-tokens': [ '4.0.0' ],
122 silly audit   'js-yaml': [ '4.1.0' ],
122 silly audit   'json-buffer': [ '3.0.1' ],
122 silly audit   'json-schema-traverse': [ '0.4.1' ],
122 silly audit   'json-stable-stringify-without-jsonify': [ '1.0.1' ],
122 silly audit   json5: [ '1.0.2' ],
122 silly audit   'jsx-ast-utils': [ '3.3.5' ],
122 silly audit   keyv: [ '4.5.4' ],
122 silly audit   'language-subtag-registry': [ '0.3.23' ],
122 silly audit   'language-tags': [ '1.0.9' ],
122 silly audit   levn: [ '0.4.1' ],
122 silly audit   lightningcss: [ '1.30.1' ],
122 silly audit   'lightningcss-darwin-arm64': [ '1.30.1' ],
122 silly audit   'lightningcss-darwin-x64': [ '1.30.1' ],
122 silly audit   'lightningcss-freebsd-x64': [ '1.30.1' ],
122 silly audit   'lightningcss-linux-arm-gnueabihf': [ '1.30.1' ],
122 silly audit   'lightningcss-linux-arm64-gnu': [ '1.30.1' ],
122 silly audit   'lightningcss-linux-arm64-musl': [ '1.30.1' ],
122 silly audit   'lightningcss-linux-x64-gnu': [ '1.30.1' ],
122 silly audit   'lightningcss-linux-x64-musl': [ '1.30.1' ],
122 silly audit   'lightningcss-win32-arm64-msvc': [ '1.30.1' ],
122 silly audit   'lightningcss-win32-x64-msvc': [ '1.30.1' ],
122 silly audit   'locate-path': [ '6.0.0' ],
122 silly audit   'lodash.merge': [ '4.6.2' ],
122 silly audit   'loose-envify': [ '1.4.0' ],
122 silly audit   'lucide-react': [ '0.544.0' ],
122 silly audit   'magic-string': [ '0.30.19' ],
122 silly audit   'math-intrinsics': [ '1.1.0' ],
122 silly audit   merge2: [ '1.4.1' ],
122 silly audit   micromatch: [ '4.0.8' ],
122 silly audit   picomatch: [ '2.3.1', '4.0.3' ],
122 silly audit   minimist: [ '1.2.8' ],
122 silly audit   minipass: [ '7.1.2' ],
122 silly audit   minizlib: [ '3.1.0' ],
122 silly audit   'motion-dom': [ '12.23.21' ],
122 silly audit   'motion-utils': [ '12.23.6' ],
122 silly audit   ms: [ '2.1.3', '2.0.0' ],
122 silly audit   nanoid: [ '3.3.11' ],
122 silly audit   'napi-postinstall': [ '0.3.4' ],
122 silly audit   'natural-compare': [ '1.4.0' ],
122 silly audit   next: [ '15.5.4' ],
122 silly audit   'next-cloudinary': [ '6.16.2' ],
122 silly audit   postcss: [ '8.4.31', '8.5.6' ],
122 silly audit   'node-fetch-native': [ '1.6.7' ],
122 silly audit   nypm: [ '0.6.2' ],
122 silly audit   'object-assign': [ '4.1.1' ],
122 silly audit   'object-inspect': [ '1.13.4' ],
122 silly audit   'object-keys': [ '1.1.1' ],
122 silly audit   'object.assign': [ '4.1.7' ],
122 silly audit   'object.entries': [ '1.1.9' ],
122 silly audit   'object.fromentries': [ '2.0.8' ],
122 silly audit   'object.groupby': [ '1.0.3' ],
122 silly audit   'object.values': [ '1.2.1' ],
122 silly audit   ohash: [ '2.0.11' ],
122 silly audit   optionator: [ '0.9.4' ],
122 silly audit   'own-keys': [ '1.0.1' ],
122 silly audit   'p-limit': [ '3.1.0' ],
122 silly audit   'p-locate': [ '5.0.0' ],
122 silly audit   'parent-module': [ '1.0.1' ],
122 silly audit   'path-exists': [ '4.0.0' ],
122 silly audit   'path-key': [ '3.1.1' ],
122 silly audit   'path-parse': [ '1.0.7' ],
122 silly audit   pathe: [ '2.0.3' ],
122 silly audit   'perfect-debounce': [ '1.0.0' ],
122 silly audit   picocolors: [ '1.1.1' ],
122 silly audit   'pkg-types': [ '2.3.0' ],
122 silly audit   'possible-typed-array-names': [ '1.1.0' ],
122 silly audit   'prelude-ls': [ '1.2.1' ],
122 silly audit   prisma: [ '6.17.1' ],
122 silly audit   'prop-types': [ '15.8.1' ],
122 silly audit   punycode: [ '2.3.1' ],
122 silly audit   'pure-rand': [ '6.1.0' ],
122 silly audit   'queue-microtask': [ '1.2.3' ],
122 silly audit   rc9: [ '2.1.2' ],
122 silly audit   react: [ '19.1.0' ],
122 silly audit   'react-dom': [ '19.1.0' ],
122 silly audit   'react-is': [ '16.13.1' ],
122 silly audit   readdirp: [ '4.1.2' ],
122 silly audit   'reflect.getprototypeof': [ '1.0.10' ],
122 silly audit   'regexp.prototype.flags': [ '1.5.4' ],
122 silly audit   'resolve-from': [ '4.0.0' ],
122 silly audit   'resolve-pkg-maps': [ '1.0.0' ],
122 silly audit   reusify: [ '1.1.0' ],
122 silly audit   'run-parallel': [ '1.2.0' ],
122 silly audit   'safe-array-concat': [ '1.1.3' ],
122 silly audit   'safe-push-apply': [ '1.0.0' ],
122 silly audit   'safe-regex-test': [ '1.1.0' ],
122 silly audit   scheduler: [ '0.26.0' ],
122 silly audit   'set-function-length': [ '1.2.2' ],
122 silly audit   'set-function-name': [ '2.0.2' ],
122 silly audit   'set-proto': [ '1.0.0' ],
122 silly audit   sharp: [ '0.34.4' ],
122 silly audit   'shebang-command': [ '2.0.0' ],
122 silly audit   'shebang-regex': [ '3.0.0' ],
122 silly audit   'side-channel': [ '1.1.0' ],
122 silly audit   'side-channel-list': [ '1.0.0' ],
122 silly audit   'side-channel-map': [ '1.0.1' ],
122 silly audit   'side-channel-weakmap': [ '1.0.2' ],
122 silly audit   'socket.io-client': [ '4.8.1' ],
122 silly audit   'socket.io-parser': [ '4.2.4' ],
122 silly audit   'source-map-js': [ '1.2.1' ],
122 silly audit   'stable-hash': [ '0.0.5' ],
122 silly audit   'stop-iteration-iterator': [ '1.1.0' ],
122 silly audit   'string.prototype.includes': [ '2.0.1' ],
122 silly audit   'string.prototype.matchall': [ '4.0.12' ],
122 silly audit   'string.prototype.repeat': [ '1.0.0' ],
122 silly audit   'string.prototype.trim': [ '1.2.10' ],
122 silly audit   'string.prototype.trimend': [ '1.0.9' ],
122 silly audit   'string.prototype.trimstart': [ '1.0.8' ],
122 silly audit   'strip-bom': [ '3.0.0' ],
122 silly audit   'strip-json-comments': [ '3.1.1' ],
122 silly audit   'styled-jsx': [ '5.1.6' ],
122 silly audit   'supports-color': [ '7.2.0' ],
122 silly audit   'supports-preserve-symlinks-flag': [ '1.0.0' ],
122 silly audit   'tailwind-merge': [ '3.3.1' ],
122 silly audit   tailwindcss: [ '4.1.14' ],
122 silly audit   tapable: [ '2.3.0' ],
122 silly audit   tar: [ '7.5.1' ],
122 silly audit   tinyexec: [ '1.0.1' ],
122 silly audit   tinyglobby: [ '0.2.15' ],
122 silly audit   'to-regex-range': [ '5.0.1' ],
122 silly audit   'ts-api-utils': [ '2.1.0' ],
122 silly audit   'tsconfig-paths': [ '3.15.0' ],
122 silly audit   tslib: [ '2.8.1' ],
122 silly audit   'type-check': [ '0.4.0' ],
122 silly audit   'typed-array-buffer': [ '1.0.3' ],
122 silly audit   'typed-array-byte-length': [ '1.0.3' ],
122 silly audit   'typed-array-byte-offset': [ '1.0.4' ],
122 silly audit   'typed-array-length': [ '1.0.7' ],
122 silly audit   typescript: [ '5.9.3' ],
122 silly audit   'unbox-primitive': [ '1.1.0' ],
122 silly audit   'undici-types': [ '6.21.0' ],
122 silly audit   'unrs-resolver': [ '1.11.1' ],
122 silly audit   'uri-js': [ '4.4.1' ],
122 silly audit   which: [ '2.0.2' ],
122 silly audit   'which-boxed-primitive': [ '1.1.1' ],
122 silly audit   'which-builtin-type': [ '1.2.1' ],
122 silly audit   'which-collection': [ '1.0.2' ],
122 silly audit   'which-typed-array': [ '1.1.19' ],
122 silly audit   'word-wrap': [ '1.2.5' ],
122 silly audit   ws: [ '8.17.1' ],
122 silly audit   'xmlhttprequest-ssl': [ '2.1.2' ],
122 silly audit   yallist: [ '5.0.0' ],
122 silly audit   'yocto-queue': [ '0.1.0' ],
122 silly audit   websocket: [ '1.0.35' ],
122 silly audit   bufferutil: [ '4.0.9' ],
122 silly audit   'es5-ext': [ '0.10.64' ],
122 silly audit   'typedarray-to-buffer': [ '3.1.5' ],
122 silly audit   'utf-8-validate': [ '5.0.10' ],
122 silly audit   yaeti: [ '0.0.6' ],
122 silly audit   'node-gyp-build': [ '4.8.4' ],
122 silly audit   'es6-iterator': [ '2.0.3' ],
122 silly audit   'es6-symbol': [ '3.1.4' ],
122 silly audit   esniff: [ '2.0.1' ],
122 silly audit   'next-tick': [ '1.1.0' ],
122 silly audit   d: [ '1.0.2' ],
122 silly audit   type: [ '2.7.3' ],
122 silly audit   ext: [ '1.7.0' ],
122 silly audit   'event-emitter': [ '0.3.5' ],
122 silly audit   'is-typedarray': [ '1.0.0' ]
122 silly audit }
123 http cache event-emitter@https://registry.npmjs.org/event-emitter/-/event-emitter-0.3.5.tgz 0ms (cache hit)
124 http cache type@https://registry.npmjs.org/type/-/type-2.7.3.tgz 0ms (cache hit)
125 http cache is-typedarray@https://registry.npmjs.org/is-typedarray/-/is-typedarray-1.0.0.tgz 0ms (cache hit)
126 http cache ext@https://registry.npmjs.org/ext/-/ext-1.7.0.tgz 0ms (cache hit)
127 http cache d@https://registry.npmjs.org/d/-/d-1.0.2.tgz 0ms (cache hit)
128 http cache next-tick@https://registry.npmjs.org/next-tick/-/next-tick-1.1.0.tgz 0ms (cache hit)
129 http cache es6-iterator@https://registry.npmjs.org/es6-iterator/-/es6-iterator-2.0.3.tgz 0ms (cache hit)
130 http cache es6-symbol@https://registry.npmjs.org/es6-symbol/-/es6-symbol-3.1.4.tgz 0ms (cache hit)
131 http cache node-gyp-build@https://registry.npmjs.org/node-gyp-build/-/node-gyp-build-4.8.4.tgz 0ms (cache hit)
132 http cache utf-8-validate@https://registry.npmjs.org/utf-8-validate/-/utf-8-validate-5.0.10.tgz 0ms (cache hit)
133 http cache es5-ext@https://registry.npmjs.org/es5-ext/-/es5-ext-0.10.64.tgz 0ms (cache hit)
134 http cache yaeti@https://registry.npmjs.org/yaeti/-/yaeti-0.0.6.tgz 0ms (cache hit)
135 http cache typedarray-to-buffer@https://registry.npmjs.org/typedarray-to-buffer/-/typedarray-to-buffer-3.1.5.tgz 0ms (cache hit)
136 silly tarball no local data for event-emitter@https://registry.npmjs.org/event-emitter/-/event-emitter-0.3.5.tgz. Extracting by manifest.
137 http cache bufferutil@https://registry.npmjs.org/bufferutil/-/bufferutil-4.0.9.tgz 0ms (cache hit)
138 http cache websocket@https://registry.npmjs.org/websocket/-/websocket-1.0.35.tgz 0ms (cache hit)
139 http cache debug@https://registry.npmjs.org/debug/-/debug-2.6.9.tgz 0ms (cache hit)
140 silly tarball no local data for is-typedarray@https://registry.npmjs.org/is-typedarray/-/is-typedarray-1.0.0.tgz. Extracting by manifest.
141 silly tarball no local data for ext@https://registry.npmjs.org/ext/-/ext-1.7.0.tgz. Extracting by manifest.
142 silly tarball no local data for type@https://registry.npmjs.org/type/-/type-2.7.3.tgz. Extracting by manifest.
143 http cache esniff@https://registry.npmjs.org/esniff/-/esniff-2.0.1.tgz 0ms (cache hit)
144 silly tarball no local data for d@https://registry.npmjs.org/d/-/d-1.0.2.tgz. Extracting by manifest.
145 http cache ms@https://registry.npmjs.org/ms/-/ms-2.0.0.tgz 0ms (cache hit)
146 silly tarball no local data for next-tick@https://registry.npmjs.org/next-tick/-/next-tick-1.1.0.tgz. Extracting by manifest.
147 silly tarball no local data for es6-iterator@https://registry.npmjs.org/es6-iterator/-/es6-iterator-2.0.3.tgz. Extracting by manifest.
148 silly tarball no local data for es6-symbol@https://registry.npmjs.org/es6-symbol/-/es6-symbol-3.1.4.tgz. Extracting by manifest.
149 silly tarball no local data for node-gyp-build@https://registry.npmjs.org/node-gyp-build/-/node-gyp-build-4.8.4.tgz. Extracting by manifest.
150 silly tarball no local data for utf-8-validate@https://registry.npmjs.org/utf-8-validate/-/utf-8-validate-5.0.10.tgz. Extracting by manifest.
151 silly tarball no local data for yaeti@https://registry.npmjs.org/yaeti/-/yaeti-0.0.6.tgz. Extracting by manifest.
152 silly tarball no local data for typedarray-to-buffer@https://registry.npmjs.org/typedarray-to-buffer/-/typedarray-to-buffer-3.1.5.tgz. Extracting by manifest.
153 silly tarball no local data for es5-ext@https://registry.npmjs.org/es5-ext/-/es5-ext-0.10.64.tgz. Extracting by manifest.
154 silly tarball no local data for bufferutil@https://registry.npmjs.org/bufferutil/-/bufferutil-4.0.9.tgz. Extracting by manifest.
155 silly tarball no local data for websocket@https://registry.npmjs.org/websocket/-/websocket-1.0.35.tgz. Extracting by manifest.
156 silly tarball no local data for debug@https://registry.npmjs.org/debug/-/debug-2.6.9.tgz. Extracting by manifest.
157 silly tarball no local data for esniff@https://registry.npmjs.org/esniff/-/esniff-2.0.1.tgz. Extracting by manifest.
158 silly tarball no local data for ms@https://registry.npmjs.org/ms/-/ms-2.0.0.tgz. Extracting by manifest.
159 http fetch GET 200 https://registry.npmjs.org/next-tick/-/next-tick-1.1.0.tgz 78ms (cache miss)
160 http fetch GET 200 https://registry.npmjs.org/is-typedarray/-/is-typedarray-1.0.0.tgz 78ms (cache miss)
161 http fetch GET 200 https://registry.npmjs.org/d/-/d-1.0.2.tgz 79ms (cache miss)
162 http fetch GET 200 https://registry.npmjs.org/event-emitter/-/event-emitter-0.3.5.tgz 83ms (cache miss)
163 http fetch GET 200 https://registry.npmjs.org/es6-iterator/-/es6-iterator-2.0.3.tgz 83ms (cache miss)
164 http fetch GET 200 https://registry.npmjs.org/ext/-/ext-1.7.0.tgz 94ms (cache miss)
165 http fetch GET 200 https://registry.npmjs.org/type/-/type-2.7.3.tgz 107ms (cache miss)
166 http fetch GET 200 https://registry.npmjs.org/ms/-/ms-2.0.0.tgz 133ms (cache miss)
167 http fetch GET 200 https://registry.npmjs.org/debug/-/debug-2.6.9.tgz 144ms (cache miss)
168 http fetch GET 200 https://registry.npmjs.org/esniff/-/esniff-2.0.1.tgz 144ms (cache miss)
169 http fetch GET 200 https://registry.npmjs.org/websocket/-/websocket-1.0.35.tgz 145ms (cache miss)
170 http fetch GET 200 https://registry.npmjs.org/node-gyp-build/-/node-gyp-build-4.8.4.tgz 201ms (cache miss)
171 http fetch GET 200 https://registry.npmjs.org/yaeti/-/yaeti-0.0.6.tgz 205ms (cache miss)
172 warn deprecated yaeti@0.0.6: Package no longer supported. Contact Support at https://www.npmjs.com/support for more info.
173 http fetch GET 200 https://registry.npmjs.org/typedarray-to-buffer/-/typedarray-to-buffer-3.1.5.tgz 213ms (cache miss)
174 http fetch GET 200 https://registry.npmjs.org/es6-symbol/-/es6-symbol-3.1.4.tgz 237ms (cache miss)
175 http fetch GET 200 https://registry.npmjs.org/utf-8-validate/-/utf-8-validate-5.0.10.tgz 253ms (cache miss)
176 http fetch GET 200 https://registry.npmjs.org/es5-ext/-/es5-ext-0.10.64.tgz 264ms (cache miss)
177 http fetch POST 200 https://registry.npmjs.org/-/npm/v1/security/advisories/bulk 273ms
178 silly audit report {
178 silly audit report   tar: [
178 silly audit report     {
178 silly audit report       id: 1109463,
178 silly audit report       url: 'https://github.com/advisories/GHSA-29xp-372q-xqph',
178 silly audit report       title: 'node-tar has a race condition leading to uninitialized memory exposure',
178 silly audit report       severity: 'moderate',
178 silly audit report       vulnerable_versions: '=7.5.1',
178 silly audit report       cwe: [Array],
178 silly audit report       cvss: [Object]
178 silly audit report     }
178 silly audit report   ]
178 silly audit report }
179 silly packumentCache corgi:https://registry.npmjs.org/tar cache-miss
180 http fetch GET 200 https://registry.npmjs.org/bufferutil/-/bufferutil-4.0.9.tgz 268ms (cache miss)
181 info run bufferutil@4.0.9 install node_modules/bufferutil node-gyp-build
182 info run utf-8-validate@5.0.10 install node_modules/utf-8-validate node-gyp-build
183 http cache https://registry.npmjs.org/tar 8ms (cache hit)
184 silly packumentCache corgi:https://registry.npmjs.org/tar set size:160112 disposed:false
185 silly packumentCache corgi:https://registry.npmjs.org/@tailwindcss%2foxide cache-miss
186 http cache https://registry.npmjs.org/@tailwindcss%2foxide 6ms (cache hit)
187 silly packumentCache corgi:https://registry.npmjs.org/@tailwindcss%2foxide set size:1876194 disposed:false
188 info run utf-8-validate@5.0.10 install { code: 0, signal: null }
189 info run bufferutil@4.0.9 install { code: 0, signal: null }
190 info run es5-ext@0.10.64 postinstall node_modules/es5-ext  node -e "try{require('./_postinstall')}catch(e){}" || exit 0
191 info run es5-ext@0.10.64 postinstall { code: 0, signal: null }
192 silly ADD node_modules/is-typedarray
193 silly ADD node_modules/event-emitter
194 silly ADD node_modules/ext
195 silly ADD node_modules/type
196 silly ADD node_modules/d
197 silly ADD node_modules/next-tick
198 silly ADD node_modules/esniff
199 silly ADD node_modules/es6-symbol
200 silly ADD node_modules/es6-iterator
201 silly ADD node_modules/node-gyp-build
202 silly ADD node_modules/yaeti
203 silly ADD node_modules/utf-8-validate
204 silly ADD node_modules/typedarray-to-buffer
205 silly ADD node_modules/es5-ext
206 silly ADD node_modules/bufferutil
207 silly ADD node_modules/websocket
208 silly ADD node_modules/websocket/node_modules/ms
209 silly ADD node_modules/websocket/node_modules/debug
210 verbose cwd /Users/admin/Documents/USITech/usitech
211 verbose os Darwin 24.3.0
212 verbose node v24.6.0
213 verbose npm  v11.5.1
214 verbose exit 0
215 info ok
