0 verbose cli /usr/local/bin/node /usr/local/bin/npm
1 info using npm@11.5.1
2 info using node@v24.6.0
3 silly config load:file:/usr/local/lib/node_modules/npm/npmrc
4 silly config load:file:/Users/admin/Documents/USITech/usitech/.npmrc
5 silly config load:file:/Users/admin/.npmrc
6 silly config load:file:/usr/local/etc/npmrc
7 verbose title npm install socket.io-client
8 verbose argv "install" "socket.io-client"
9 verbose logfile logs-max:10 dir:/Users/admin/Documents/USITech/usitech/npm-cache/_logs/2025-11-02T06_00_03_792Z-
10 verbose logfile /Users/admin/Documents/USITech/usitech/npm-cache/_logs/2025-11-02T06_00_03_792Z-debug-0.log
11 silly logfile start cleaning logs, removing 1 files
12 silly packumentCache heap:4496293888 maxSize:1124073472 maxEntrySize:562036736
13 silly logfile done cleaning log files
14 silly idealTree buildDeps
15 silly fetch manifest socket.io-client@*
16 silly packumentCache full:https://registry.npmjs.org/socket.io-client cache-miss
17 http fetch GET 200 https://registry.npmjs.org/socket.io-client 282ms (cache miss)
18 silly packumentCache full:https://registry.npmjs.org/socket.io-client set size:undefined disposed:false
19 silly placeDep ROOT socket.io-client@4.8.1 OK for: usitech@0.1.0 want: *
20 silly fetch manifest @socket.io/component-emitter@~3.1.0
21 silly packumentCache full:https://registry.npmjs.org/@socket.io%2fcomponent-emitter cache-miss
22 silly fetch manifest debug@~4.3.2
23 silly packumentCache full:https://registry.npmjs.org/debug cache-miss
24 silly fetch manifest engine.io-client@~6.6.1
25 silly packumentCache full:https://registry.npmjs.org/engine.io-client cache-miss
26 silly fetch manifest socket.io-parser@~4.2.4
27 silly packumentCache full:https://registry.npmjs.org/socket.io-parser cache-miss
28 http fetch GET 200 https://registry.npmjs.org/@socket.io%2fcomponent-emitter 89ms (cache miss)
29 silly packumentCache full:https://registry.npmjs.org/@socket.io%2fcomponent-emitter set size:undefined disposed:false
30 http fetch GET 200 https://registry.npmjs.org/debug 208ms (cache revalidated)
31 silly packumentCache full:https://registry.npmjs.org/debug set size:195840 disposed:false
32 http fetch GET 200 https://registry.npmjs.org/engine.io-client 218ms (cache miss)
33 silly packumentCache full:https://registry.npmjs.org/engine.io-client set size:undefined disposed:false
34 http fetch GET 200 https://registry.npmjs.org/socket.io-parser 225ms (cache miss)
35 silly packumentCache full:https://registry.npmjs.org/socket.io-parser set size:undefined disposed:false
36 silly placeDep ROOT @socket.io/component-emitter@3.1.2 OK for: socket.io-client@4.8.1 want: ~3.1.0
37 silly placeDep node_modules/socket.io-client debug@4.3.7 OK for: socket.io-client@4.8.1 want: ~4.3.2
38 silly placeDep ROOT engine.io-client@6.6.3 OK for: socket.io-client@4.8.1 want: ~6.6.1
39 silly placeDep ROOT socket.io-parser@4.2.4 OK for: socket.io-client@4.8.1 want: ~4.2.4
40 silly fetch manifest debug@~4.3.1
41 silly packumentCache full:https://registry.npmjs.org/debug cache-hit
42 silly fetch manifest engine.io-parser@~5.2.1
43 silly packumentCache full:https://registry.npmjs.org/engine.io-parser cache-miss
44 silly fetch manifest ws@~8.17.1
45 silly packumentCache full:https://registry.npmjs.org/ws cache-miss
46 silly fetch manifest xmlhttprequest-ssl@~2.1.1
47 silly packumentCache full:https://registry.npmjs.org/xmlhttprequest-ssl cache-miss
48 silly fetch manifest debug@~4.3.1
49 silly packumentCache full:https://registry.npmjs.org/debug cache-hit
50 http fetch GET 200 https://registry.npmjs.org/ws 79ms (cache miss)
51 silly packumentCache full:https://registry.npmjs.org/ws set size:undefined disposed:false
52 http fetch GET 200 https://registry.npmjs.org/engine.io-parser 82ms (cache miss)
53 silly packumentCache full:https://registry.npmjs.org/engine.io-parser set size:undefined disposed:false
54 http fetch GET 200 https://registry.npmjs.org/xmlhttprequest-ssl 83ms (cache miss)
55 silly packumentCache full:https://registry.npmjs.org/xmlhttprequest-ssl set size:undefined disposed:false
56 silly fetch manifest bufferutil@^4.0.1
57 silly packumentCache full:https://registry.npmjs.org/bufferutil cache-miss
58 http fetch GET 200 https://registry.npmjs.org/bufferutil 72ms (cache miss)
59 silly packumentCache full:https://registry.npmjs.org/bufferutil set size:undefined disposed:false
60 silly fetch manifest utf-8-validate@>=5.0.2
61 silly packumentCache full:https://registry.npmjs.org/utf-8-validate cache-miss
62 http fetch GET 200 https://registry.npmjs.org/utf-8-validate 64ms (cache miss)
63 silly packumentCache full:https://registry.npmjs.org/utf-8-validate set size:undefined disposed:false
64 silly placeDep node_modules/engine.io-client debug@4.3.7 OK for: engine.io-client@6.6.3 want: ~4.3.1
65 silly placeDep ROOT engine.io-parser@5.2.3 OK for: engine.io-client@6.6.3 want: ~5.2.1
66 silly placeDep ROOT ws@8.17.1 OK for: engine.io-client@6.6.3 want: ~8.17.1
67 silly placeDep ROOT xmlhttprequest-ssl@2.1.2 OK for: engine.io-client@6.6.3 want: ~2.1.1
68 silly placeDep node_modules/socket.io-parser debug@4.3.7 OK for: socket.io-parser@4.2.4 want: ~4.3.1
69 silly reify mark retired [
69 silly reify   '/Users/admin/Documents/USITech/usitech/node_modules/@reduxjs/toolkit'
69 silly reify ]
70 silly reify mark retired [
70 silly reify   '/Users/admin/Documents/USITech/usitech/node_modules/@standard-schema/utils'
70 silly reify ]
71 silly reify mark retired [
71 silly reify   '/Users/admin/Documents/USITech/usitech/node_modules/@types/use-sync-external-store'
71 silly reify ]
72 silly reify mark retired [ '/Users/admin/Documents/USITech/usitech/node_modules/immer' ]
73 silly reify mark retired [ '/Users/admin/Documents/USITech/usitech/node_modules/react-redux' ]
74 silly reify mark retired [ '/Users/admin/Documents/USITech/usitech/node_modules/redux' ]
75 silly reify mark retired [ '/Users/admin/Documents/USITech/usitech/node_modules/redux-thunk' ]
76 silly reify mark retired [ '/Users/admin/Documents/USITech/usitech/node_modules/reselect' ]
77 silly reify mark retired [
77 silly reify   '/Users/admin/Documents/USITech/usitech/node_modules/use-sync-external-store'
77 silly reify ]
78 silly reify moves {
78 silly reify   '/Users/admin/Documents/USITech/usitech/node_modules/@reduxjs/toolkit': '/Users/admin/Documents/USITech/usitech/node_modules/@reduxjs/.toolkit-LQ8Bf3iK',
78 silly reify   '/Users/admin/Documents/USITech/usitech/node_modules/@standard-schema/utils': '/Users/admin/Documents/USITech/usitech/node_modules/@standard-schema/.utils-S2h32DVK',
78 silly reify   '/Users/admin/Documents/USITech/usitech/node_modules/@types/use-sync-external-store': '/Users/admin/Documents/USITech/usitech/node_modules/@types/.use-sync-external-store-UisOjC68',
78 silly reify   '/Users/admin/Documents/USITech/usitech/node_modules/immer': '/Users/admin/Documents/USITech/usitech/node_modules/.immer-dT0oIBO9',
78 silly reify   '/Users/admin/Documents/USITech/usitech/node_modules/react-redux': '/Users/admin/Documents/USITech/usitech/node_modules/.react-redux-54RQRpDx',
78 silly reify   '/Users/admin/Documents/USITech/usitech/node_modules/redux': '/Users/admin/Documents/USITech/usitech/node_modules/.redux-fCyK0XPw',
78 silly reify   '/Users/admin/Documents/USITech/usitech/node_modules/redux-thunk': '/Users/admin/Documents/USITech/usitech/node_modules/.redux-thunk-zaO2wt1E',
78 silly reify   '/Users/admin/Documents/USITech/usitech/node_modules/reselect': '/Users/admin/Documents/USITech/usitech/node_modules/.reselect-MwbBOqPP',
78 silly reify   '/Users/admin/Documents/USITech/usitech/node_modules/use-sync-external-store': '/Users/admin/Documents/USITech/usitech/node_modules/.use-sync-external-store-Xm43w6SM'
78 silly reify }
79 silly audit bulk request {
79 silly audit   '@alloc/quick-lru': [ '5.2.0' ],
79 silly audit   '@cloudinary-util/types': [ '1.5.10' ],
79 silly audit   '@cloudinary-util/url-loader': [ '5.10.4' ],
79 silly audit   '@cloudinary-util/util': [ '3.3.2', '4.0.0' ],
79 silly audit   zod: [ '3.25.76', '4.1.12' ],
79 silly audit   '@cloudinary/transformation-builder-sdk': [ '1.21.2' ],
79 silly audit   '@cloudinary/url-gen': [ '1.15.0' ],
79 silly audit   '@emnapi/core': [ '1.5.0' ],
79 silly audit   '@emnapi/runtime': [ '1.5.0' ],
79 silly audit   '@emnapi/wasi-threads': [ '1.1.0' ],
79 silly audit   '@eslint-community/eslint-utils': [ '4.9.0' ],
79 silly audit   'eslint-visitor-keys': [ '3.4.3', '4.2.1' ],
79 silly audit   '@eslint-community/regexpp': [ '4.12.1' ],
79 silly audit   '@eslint/config-array': [ '0.21.0' ],
79 silly audit   '@eslint/config-helpers': [ '0.4.0' ],
79 silly audit   '@eslint/core': [ '0.16.0' ],
79 silly audit   '@eslint/eslintrc': [ '3.3.1' ],
79 silly audit   '@eslint/js': [ '9.37.0' ],
79 silly audit   '@eslint/object-schema': [ '2.1.6' ],
79 silly audit   '@eslint/plugin-kit': [ '0.4.0' ],
79 silly audit   '@humanfs/core': [ '0.19.1' ],
79 silly audit   '@humanfs/node': [ '0.16.7' ],
79 silly audit   '@humanwhocodes/module-importer': [ '1.0.1' ],
79 silly audit   '@humanwhocodes/retry': [ '0.4.3' ],
79 silly audit   '@img/colour': [ '1.0.0' ],
79 silly audit   '@img/sharp-darwin-arm64': [ '0.34.4' ],
79 silly audit   '@img/sharp-darwin-x64': [ '0.34.4' ],
79 silly audit   '@img/sharp-libvips-darwin-arm64': [ '1.2.3' ],
79 silly audit   '@img/sharp-libvips-darwin-x64': [ '1.2.3' ],
79 silly audit   '@img/sharp-libvips-linux-arm': [ '1.2.3' ],
79 silly audit   '@img/sharp-libvips-linux-arm64': [ '1.2.3' ],
79 silly audit   '@img/sharp-libvips-linux-ppc64': [ '1.2.3' ],
79 silly audit   '@img/sharp-libvips-linux-s390x': [ '1.2.3' ],
79 silly audit   '@img/sharp-libvips-linux-x64': [ '1.2.3' ],
79 silly audit   '@img/sharp-libvips-linuxmusl-arm64': [ '1.2.3' ],
79 silly audit   '@img/sharp-libvips-linuxmusl-x64': [ '1.2.3' ],
79 silly audit   '@img/sharp-linux-arm': [ '0.34.4' ],
79 silly audit   '@img/sharp-linux-arm64': [ '0.34.4' ],
79 silly audit   '@img/sharp-linux-ppc64': [ '0.34.4' ],
79 silly audit   '@img/sharp-linux-s390x': [ '0.34.4' ],
79 silly audit   '@img/sharp-linux-x64': [ '0.34.4' ],
79 silly audit   '@img/sharp-linuxmusl-arm64': [ '0.34.4' ],
79 silly audit   '@img/sharp-linuxmusl-x64': [ '0.34.4' ],
79 silly audit   '@img/sharp-wasm32': [ '0.34.4' ],
79 silly audit   '@img/sharp-win32-arm64': [ '0.34.4' ],
79 silly audit   '@img/sharp-win32-ia32': [ '0.34.4' ],
79 silly audit   '@img/sharp-win32-x64': [ '0.34.4' ],
79 silly audit   '@isaacs/fs-minipass': [ '4.0.1' ],
79 silly audit   '@jridgewell/gen-mapping': [ '0.3.13' ],
79 silly audit   '@jridgewell/remapping': [ '2.3.5' ],
79 silly audit   '@jridgewell/resolve-uri': [ '3.1.2' ],
79 silly audit   '@jridgewell/sourcemap-codec': [ '1.5.5' ],
79 silly audit   '@jridgewell/trace-mapping': [ '0.3.31' ],
79 silly audit   '@napi-rs/wasm-runtime': [ '0.2.12' ],
79 silly audit   '@next/env': [ '15.5.4' ],
79 silly audit   '@next/eslint-plugin-next': [ '15.5.4' ],
79 silly audit   '@next/swc-darwin-arm64': [ '15.5.4' ],
79 silly audit   '@next/swc-darwin-x64': [ '15.5.4' ],
79 silly audit   '@next/swc-linux-arm64-gnu': [ '15.5.4' ],
79 silly audit   '@next/swc-linux-arm64-musl': [ '15.5.4' ],
79 silly audit   '@next/swc-linux-x64-gnu': [ '15.5.4' ],
79 silly audit   '@next/swc-linux-x64-musl': [ '15.5.4' ],
79 silly audit   '@next/swc-win32-arm64-msvc': [ '15.5.4' ],
79 silly audit   '@next/swc-win32-x64-msvc': [ '15.5.4' ],
79 silly audit   '@nodelib/fs.scandir': [ '2.1.5' ],
79 silly audit   '@nodelib/fs.stat': [ '2.0.5' ],
79 silly audit   '@nodelib/fs.walk': [ '1.2.8' ],
79 silly audit   '@nolyfill/is-core-module': [ '1.0.39' ],
79 silly audit   '@prisma/client': [ '6.17.1' ],
79 silly audit   '@prisma/config': [ '6.17.1' ],
79 silly audit   '@prisma/debug': [ '6.17.1' ],
79 silly audit   '@prisma/engines': [ '6.17.1' ],
79 silly audit   '@prisma/engines-version': [ '6.17.1-1.272a37d34178c2894197e17273bf937f25acdeac' ],
79 silly audit   '@prisma/fetch-engine': [ '6.17.1' ],
79 silly audit   '@prisma/get-platform': [ '6.17.1' ],
79 silly audit   '@radix-ui/primitive': [ '1.1.3' ],
79 silly audit   '@radix-ui/react-compose-refs': [ '1.1.2' ],
79 silly audit   '@radix-ui/react-context': [ '1.1.2' ],
79 silly audit   '@radix-ui/react-label': [ '2.1.7' ],
79 silly audit   '@radix-ui/react-primitive': [ '2.1.3' ],
79 silly audit   '@radix-ui/react-slot': [ '1.2.3' ],
79 silly audit   '@radix-ui/react-switch': [ '1.2.6' ],
79 silly audit   '@radix-ui/react-use-controllable-state': [ '1.2.2' ],
79 silly audit   '@radix-ui/react-use-effect-event': [ '0.0.2' ],
79 silly audit   '@radix-ui/react-use-layout-effect': [ '1.1.1' ],
79 silly audit   '@radix-ui/react-use-previous': [ '1.1.1' ],
79 silly audit   '@radix-ui/react-use-size': [ '1.1.1' ],
79 silly audit   '@rtsao/scc': [ '1.1.0' ],
79 silly audit   '@rushstack/eslint-patch': [ '1.13.0' ],
79 silly audit   '@standard-schema/spec': [ '1.0.0' ],
79 silly audit   '@swc/helpers': [ '0.5.15' ],
79 silly audit   '@tailwindcss/node': [ '4.1.14' ],
79 silly audit   '@tailwindcss/oxide': [ '4.1.14' ],
79 silly audit   '@tailwindcss/oxide-android-arm64': [ '4.1.14' ],
79 silly audit   '@tailwindcss/oxide-darwin-arm64': [ '4.1.14' ],
79 silly audit   '@tailwindcss/oxide-darwin-x64': [ '4.1.14' ],
79 silly audit   '@tailwindcss/oxide-freebsd-x64': [ '4.1.14' ],
79 silly audit   '@tailwindcss/oxide-linux-arm-gnueabihf': [ '4.1.14' ],
79 silly audit   '@tailwindcss/oxide-linux-arm64-gnu': [ '4.1.14' ],
79 silly audit   '@tailwindcss/oxide-linux-arm64-musl': [ '4.1.14' ],
79 silly audit   '@tailwindcss/oxide-linux-x64-gnu': [ '4.1.14' ],
79 silly audit   '@tailwindcss/oxide-linux-x64-musl': [ '4.1.14' ],
79 silly audit   '@tailwindcss/oxide-wasm32-wasi': [ '4.1.14' ],
79 silly audit   '@tailwindcss/oxide-win32-arm64-msvc': [ '4.1.14' ],
79 silly audit   '@tailwindcss/oxide-win32-x64-msvc': [ '4.1.14' ],
79 silly audit   '@tailwindcss/postcss': [ '4.1.14' ],
79 silly audit   '@tybys/wasm-util': [ '0.10.1' ],
79 silly audit   '@types/estree': [ '1.0.8' ],
79 silly audit   '@types/js-cookie': [ '3.0.6' ],
79 silly audit   '@types/json-schema': [ '7.0.15' ],
79 silly audit   '@types/json5': [ '0.0.29' ],
79 silly audit   '@types/node': [ '20.19.19' ],
79 silly audit   '@types/react': [ '19.2.0' ],
79 silly audit   '@types/react-dom': [ '19.2.0' ],
79 silly audit   '@typescript-eslint/eslint-plugin': [ '8.45.0' ],
79 silly audit   ignore: [ '7.0.5', '5.3.2' ],
79 silly audit   '@typescript-eslint/parser': [ '8.45.0' ],
79 silly audit   '@typescript-eslint/project-service': [ '8.45.0' ],
79 silly audit   '@typescript-eslint/scope-manager': [ '8.45.0' ],
79 silly audit   '@typescript-eslint/tsconfig-utils': [ '8.45.0' ],
79 silly audit   '@typescript-eslint/type-utils': [ '8.45.0' ],
79 silly audit   '@typescript-eslint/types': [ '8.45.0' ],
79 silly audit   '@typescript-eslint/typescript-estree': [ '8.45.0' ],
79 silly audit   'brace-expansion': [ '2.0.2', '1.1.12' ],
79 silly audit   'fast-glob': [ '3.3.3', '3.3.1' ],
79 silly audit   'glob-parent': [ '5.1.2', '6.0.2' ],
79 silly audit   minimatch: [ '9.0.5', '3.1.2' ],
79 silly audit   '@typescript-eslint/utils': [ '8.45.0' ],
79 silly audit   '@typescript-eslint/visitor-keys': [ '8.45.0' ],
79 silly audit   '@unrs/resolver-binding-android-arm-eabi': [ '1.11.1' ],
79 silly audit   '@unrs/resolver-binding-android-arm64': [ '1.11.1' ],
79 silly audit   '@unrs/resolver-binding-darwin-arm64': [ '1.11.1' ],
79 silly audit   '@unrs/resolver-binding-darwin-x64': [ '1.11.1' ],
79 silly audit   '@unrs/resolver-binding-freebsd-x64': [ '1.11.1' ],
79 silly audit   '@unrs/resolver-binding-linux-arm-gnueabihf': [ '1.11.1' ],
79 silly audit   '@unrs/resolver-binding-linux-arm-musleabihf': [ '1.11.1' ],
79 silly audit   '@unrs/resolver-binding-linux-arm64-gnu': [ '1.11.1' ],
79 silly audit   '@unrs/resolver-binding-linux-arm64-musl': [ '1.11.1' ],
79 silly audit   '@unrs/resolver-binding-linux-ppc64-gnu': [ '1.11.1' ],
79 silly audit   '@unrs/resolver-binding-linux-riscv64-gnu': [ '1.11.1' ],
79 silly audit   '@unrs/resolver-binding-linux-riscv64-musl': [ '1.11.1' ],
79 silly audit   '@unrs/resolver-binding-linux-s390x-gnu': [ '1.11.1' ],
79 silly audit   '@unrs/resolver-binding-linux-x64-gnu': [ '1.11.1' ],
79 silly audit   '@unrs/resolver-binding-linux-x64-musl': [ '1.11.1' ],
79 silly audit   '@unrs/resolver-binding-wasm32-wasi': [ '1.11.1' ],
79 silly audit   '@unrs/resolver-binding-win32-arm64-msvc': [ '1.11.1' ],
79 silly audit   '@unrs/resolver-binding-win32-ia32-msvc': [ '1.11.1' ],
79 silly audit   '@unrs/resolver-binding-win32-x64-msvc': [ '1.11.1' ],
79 silly audit   acorn: [ '8.15.0' ],
79 silly audit   'acorn-jsx': [ '5.3.2' ],
79 silly audit   ajv: [ '6.12.6' ],
79 silly audit   'ansi-styles': [ '4.3.0' ],
79 silly audit   argparse: [ '2.0.1' ],
79 silly audit   'aria-query': [ '5.3.2' ],
79 silly audit   'array-buffer-byte-length': [ '1.0.2' ],
79 silly audit   'array-includes': [ '3.1.9' ],
79 silly audit   'array.prototype.findlast': [ '1.2.5' ],
79 silly audit   'array.prototype.findlastindex': [ '1.2.6' ],
79 silly audit   'array.prototype.flat': [ '1.3.3' ],
79 silly audit   'array.prototype.flatmap': [ '1.3.3' ],
79 silly audit   'array.prototype.tosorted': [ '1.1.4' ],
79 silly audit   'arraybuffer.prototype.slice': [ '1.0.4' ],
79 silly audit   'ast-types-flow': [ '0.0.8' ],
79 silly audit   'async-function': [ '1.0.0' ],
79 silly audit   'available-typed-arrays': [ '1.0.7' ],
79 silly audit   'axe-core': [ '4.10.3' ],
79 silly audit   'axobject-query': [ '4.1.0' ],
79 silly audit   'balanced-match': [ '1.0.2' ],
79 silly audit   braces: [ '3.0.3' ],
79 silly audit   c12: [ '3.1.0' ],
79 silly audit   'call-bind': [ '1.0.8' ],
79 silly audit   'call-bind-apply-helpers': [ '1.0.2' ],
79 silly audit   'call-bound': [ '1.0.4' ],
79 silly audit   callsites: [ '3.1.0' ],
79 silly audit   'caniuse-lite': [ '1.0.30001747' ],
79 silly audit   chalk: [ '4.1.2' ],
79 silly audit   chokidar: [ '4.0.3' ],
79 silly audit   chownr: [ '3.0.0' ],
79 silly audit   citty: [ '0.1.6' ],
79 silly audit   'class-variance-authority': [ '0.7.1' ],
79 silly audit   'client-only': [ '0.0.1' ],
79 silly audit   clsx: [ '2.1.1' ],
79 silly audit   'color-convert': [ '2.0.1' ],
79 silly audit   'color-name': [ '1.1.4' ],
79 silly audit   'concat-map': [ '0.0.1' ],
79 silly audit   confbox: [ '0.2.2' ],
79 silly audit   consola: [ '3.4.2' ],
79 silly audit   'cross-spawn': [ '7.0.6' ],
79 silly audit   csstype: [ '3.1.3' ],
79 silly audit   'damerau-levenshtein': [ '1.0.8' ],
79 silly audit   'data-view-buffer': [ '1.0.2' ],
79 silly audit   'data-view-byte-length': [ '1.0.2' ],
79 silly audit   'data-view-byte-offset': [ '1.0.1' ],
79 silly audit   debug: [ '4.4.3', '3.2.7', '4.3.7' ],
79 silly audit   'deep-is': [ '0.1.4' ],
79 silly audit   'deepmerge-ts': [ '7.1.5' ],
79 silly audit   'define-data-property': [ '1.1.4' ],
79 silly audit   'define-properties': [ '1.2.1' ],
79 silly audit   defu: [ '6.1.4' ],
79 silly audit   destr: [ '2.0.5' ],
79 silly audit   'detect-libc': [ '2.1.1' ],
79 silly audit   doctrine: [ '2.1.0' ],
79 silly audit   dotenv: [ '16.6.1' ],
79 silly audit   'dunder-proto': [ '1.0.1' ],
79 silly audit   effect: [ '3.16.12' ],
79 silly audit   'emoji-regex': [ '9.2.2' ],
79 silly audit   empathic: [ '2.0.0' ],
79 silly audit   'enhanced-resolve': [ '5.18.3' ],
79 silly audit   'es-abstract': [ '1.24.0' ],
79 silly audit   'es-define-property': [ '1.0.1' ],
79 silly audit   'es-errors': [ '1.3.0' ],
79 silly audit   'es-iterator-helpers': [ '1.2.1' ],
79 silly audit   'es-object-atoms': [ '1.1.1' ],
79 silly audit   'es-set-tostringtag': [ '2.1.0' ],
79 silly audit   'es-shim-unscopables': [ '1.1.0' ],
79 silly audit   'es-to-primitive': [ '1.3.0' ],
79 silly audit   'escape-string-regexp': [ '4.0.0' ],
79 silly audit   eslint: [ '9.37.0' ],
79 silly audit   'eslint-config-next': [ '15.5.4' ],
79 silly audit   'eslint-import-resolver-node': [ '0.3.9' ],
79 silly audit   'eslint-import-resolver-typescript': [ '3.10.1' ],
79 silly audit   'eslint-module-utils': [ '2.12.1' ],
79 silly audit   'eslint-plugin-import': [ '2.32.0' ],
79 silly audit   semver: [ '6.3.1', '7.7.2' ],
79 silly audit   'eslint-plugin-jsx-a11y': [ '6.10.2' ],
79 silly audit   'eslint-plugin-react': [ '7.37.5' ],
79 silly audit   'eslint-plugin-react-hooks': [ '5.2.0' ],
79 silly audit   resolve: [ '2.0.0-next.5', '1.22.10' ],
79 silly audit   'eslint-scope': [ '8.4.0' ],
79 silly audit   espree: [ '10.4.0' ],
79 silly audit   esquery: [ '1.6.0' ],
79 silly audit   esrecurse: [ '4.3.0' ],
79 silly audit   estraverse: [ '5.3.0' ],
79 silly audit   esutils: [ '2.0.3' ],
79 silly audit   exsolve: [ '1.0.7' ],
79 silly audit   'fast-check': [ '3.23.2' ],
79 silly audit   'fast-deep-equal': [ '3.1.3' ],
79 silly audit   'fast-json-stable-stringify': [ '2.1.0' ],
79 silly audit   'fast-levenshtein': [ '2.0.6' ],
79 silly audit   fastq: [ '1.19.1' ],
79 silly audit   fdir: [ '6.5.0' ],
79 silly audit   'file-entry-cache': [ '8.0.0' ],
79 silly audit   'fill-range': [ '7.1.1' ],
79 silly audit   'find-up': [ '5.0.0' ],
79 silly audit   'flat-cache': [ '4.0.1' ],
79 silly audit   flatted: [ '3.3.3' ],
79 silly audit   'for-each': [ '0.3.5' ],
79 silly audit   'framer-motion': [ '12.23.22' ],
79 silly audit   'function-bind': [ '1.1.2' ],
79 silly audit   'function.prototype.name': [ '1.1.8' ],
79 silly audit   'functions-have-names': [ '1.2.3' ],
79 silly audit   'generator-function': [ '2.0.1' ],
79 silly audit   'get-intrinsic': [ '1.3.0' ],
79 silly audit   'get-proto': [ '1.0.1' ],
79 silly audit   'get-symbol-description': [ '1.1.0' ],
79 silly audit   'get-tsconfig': [ '4.10.1' ],
79 silly audit   giget: [ '2.0.0' ],
79 silly audit   globals: [ '14.0.0' ],
79 silly audit   globalthis: [ '1.0.4' ],
79 silly audit   gopd: [ '1.2.0' ],
79 silly audit   'graceful-fs': [ '4.2.11' ],
79 silly audit   graphemer: [ '1.4.0' ],
79 silly audit   'has-bigints': [ '1.1.0' ],
79 silly audit   'has-flag': [ '4.0.0' ],
79 silly audit   'has-property-descriptors': [ '1.0.2' ],
79 silly audit   'has-proto': [ '1.2.0' ],
79 silly audit   'has-symbols': [ '1.1.0' ],
79 silly audit   'has-tostringtag': [ '1.0.2' ],
79 silly audit   hasown: [ '2.0.2' ],
79 silly audit   'import-fresh': [ '3.3.1' ],
79 silly audit   imurmurhash: [ '0.1.4' ],
79 silly audit   'internal-slot': [ '1.1.0' ],
79 silly audit   'is-array-buffer': [ '3.0.5' ],
79 silly audit   'is-async-function': [ '2.1.1' ],
79 silly audit   'is-bigint': [ '1.1.0' ],
79 silly audit   'is-boolean-object': [ '1.2.2' ],
79 silly audit   'is-bun-module': [ '2.0.0' ],
79 silly audit   'is-callable': [ '1.2.7' ],
79 silly audit   'is-core-module': [ '2.16.1' ],
79 silly audit   'is-data-view': [ '1.0.2' ],
79 silly audit   'is-date-object': [ '1.1.0' ],
79 silly audit   'is-extglob': [ '2.1.1' ],
79 silly audit   'is-finalizationregistry': [ '1.1.1' ],
79 silly audit   'is-generator-function': [ '1.1.2' ],
79 silly audit   'is-glob': [ '4.0.3' ],
79 silly audit   'is-map': [ '2.0.3' ],
79 silly audit   'is-negative-zero': [ '2.0.3' ],
79 silly audit   'is-number': [ '7.0.0' ],
79 silly audit   'is-number-object': [ '1.1.1' ],
79 silly audit   'is-regex': [ '1.2.1' ],
79 silly audit   'is-set': [ '2.0.3' ],
79 silly audit   'is-shared-array-buffer': [ '1.0.4' ],
79 silly audit   'is-string': [ '1.1.1' ],
79 silly audit   'is-symbol': [ '1.1.1' ],
79 silly audit   'is-typed-array': [ '1.1.15' ],
79 silly audit   'is-weakmap': [ '2.0.2' ],
79 silly audit   'is-weakref': [ '1.1.1' ],
79 silly audit   'is-weakset': [ '2.0.4' ],
79 silly audit   isarray: [ '2.0.5' ],
79 silly audit   isexe: [ '2.0.0' ],
79 silly audit   'iterator.prototype': [ '1.1.5' ],
79 silly audit   jiti: [ '2.6.1' ],
79 silly audit   'js-cookie': [ '3.0.5' ],
79 silly audit   'js-tokens': [ '4.0.0' ],
79 silly audit   'js-yaml': [ '4.1.0' ],
79 silly audit   'json-buffer': [ '3.0.1' ],
79 silly audit   'json-schema-traverse': [ '0.4.1' ],
79 silly audit   'json-stable-stringify-without-jsonify': [ '1.0.1' ],
79 silly audit   json5: [ '1.0.2' ],
79 silly audit   'jsx-ast-utils': [ '3.3.5' ],
79 silly audit   keyv: [ '4.5.4' ],
79 silly audit   'language-subtag-registry': [ '0.3.23' ],
79 silly audit   'language-tags': [ '1.0.9' ],
79 silly audit   levn: [ '0.4.1' ],
79 silly audit   lightningcss: [ '1.30.1' ],
79 silly audit   'lightningcss-darwin-arm64': [ '1.30.1' ],
79 silly audit   'lightningcss-darwin-x64': [ '1.30.1' ],
79 silly audit   'lightningcss-freebsd-x64': [ '1.30.1' ],
79 silly audit   'lightningcss-linux-arm-gnueabihf': [ '1.30.1' ],
79 silly audit   'lightningcss-linux-arm64-gnu': [ '1.30.1' ],
79 silly audit   'lightningcss-linux-arm64-musl': [ '1.30.1' ],
79 silly audit   'lightningcss-linux-x64-gnu': [ '1.30.1' ],
79 silly audit   'lightningcss-linux-x64-musl': [ '1.30.1' ],
79 silly audit   'lightningcss-win32-arm64-msvc': [ '1.30.1' ],
79 silly audit   'lightningcss-win32-x64-msvc': [ '1.30.1' ],
79 silly audit   'locate-path': [ '6.0.0' ],
79 silly audit   'lodash.merge': [ '4.6.2' ],
79 silly audit   'loose-envify': [ '1.4.0' ],
79 silly audit   'lucide-react': [ '0.544.0' ],
79 silly audit   'magic-string': [ '0.30.19' ],
79 silly audit   'math-intrinsics': [ '1.1.0' ],
79 silly audit   merge2: [ '1.4.1' ],
79 silly audit   micromatch: [ '4.0.8' ],
79 silly audit   picomatch: [ '2.3.1', '4.0.3' ],
79 silly audit   minimist: [ '1.2.8' ],
79 silly audit   minipass: [ '7.1.2' ],
79 silly audit   minizlib: [ '3.1.0' ],
79 silly audit   'motion-dom': [ '12.23.21' ],
79 silly audit   'motion-utils': [ '12.23.6' ],
79 silly audit   ms: [ '2.1.3' ],
79 silly audit   nanoid: [ '3.3.11' ],
79 silly audit   'napi-postinstall': [ '0.3.4' ],
79 silly audit   'natural-compare': [ '1.4.0' ],
79 silly audit   next: [ '15.5.4' ],
79 silly audit   'next-cloudinary': [ '6.16.2' ],
79 silly audit   postcss: [ '8.4.31', '8.5.6' ],
79 silly audit   'node-fetch-native': [ '1.6.7' ],
79 silly audit   nypm: [ '0.6.2' ],
79 silly audit   'object-assign': [ '4.1.1' ],
79 silly audit   'object-inspect': [ '1.13.4' ],
79 silly audit   'object-keys': [ '1.1.1' ],
79 silly audit   'object.assign': [ '4.1.7' ],
79 silly audit   'object.entries': [ '1.1.9' ],
79 silly audit   'object.fromentries': [ '2.0.8' ],
79 silly audit   'object.groupby': [ '1.0.3' ],
79 silly audit   'object.values': [ '1.2.1' ],
79 silly audit   ohash: [ '2.0.11' ],
79 silly audit   optionator: [ '0.9.4' ],
79 silly audit   'own-keys': [ '1.0.1' ],
79 silly audit   'p-limit': [ '3.1.0' ],
79 silly audit   'p-locate': [ '5.0.0' ],
79 silly audit   'parent-module': [ '1.0.1' ],
79 silly audit   'path-exists': [ '4.0.0' ],
79 silly audit   'path-key': [ '3.1.1' ],
79 silly audit   'path-parse': [ '1.0.7' ],
79 silly audit   pathe: [ '2.0.3' ],
79 silly audit   'perfect-debounce': [ '1.0.0' ],
79 silly audit   picocolors: [ '1.1.1' ],
79 silly audit   'pkg-types': [ '2.3.0' ],
79 silly audit   'possible-typed-array-names': [ '1.1.0' ],
79 silly audit   'prelude-ls': [ '1.2.1' ],
79 silly audit   prisma: [ '6.17.1' ],
79 silly audit   'prop-types': [ '15.8.1' ],
79 silly audit   punycode: [ '2.3.1' ],
79 silly audit   'pure-rand': [ '6.1.0' ],
79 silly audit   'queue-microtask': [ '1.2.3' ],
79 silly audit   rc9: [ '2.1.2' ],
79 silly audit   react: [ '19.1.0' ],
79 silly audit   'react-dom': [ '19.1.0' ],
79 silly audit   'react-is': [ '16.13.1' ],
79 silly audit   readdirp: [ '4.1.2' ],
79 silly audit   'reflect.getprototypeof': [ '1.0.10' ],
79 silly audit   'regexp.prototype.flags': [ '1.5.4' ],
79 silly audit   'resolve-from': [ '4.0.0' ],
79 silly audit   'resolve-pkg-maps': [ '1.0.0' ],
79 silly audit   reusify: [ '1.1.0' ],
79 silly audit   'run-parallel': [ '1.2.0' ],
79 silly audit   'safe-array-concat': [ '1.1.3' ],
79 silly audit   'safe-push-apply': [ '1.0.0' ],
79 silly audit   'safe-regex-test': [ '1.1.0' ],
79 silly audit   scheduler: [ '0.26.0' ],
79 silly audit   'set-function-length': [ '1.2.2' ],
79 silly audit   'set-function-name': [ '2.0.2' ],
79 silly audit   'set-proto': [ '1.0.0' ],
79 silly audit   sharp: [ '0.34.4' ],
79 silly audit   'shebang-command': [ '2.0.0' ],
79 silly audit   'shebang-regex': [ '3.0.0' ],
79 silly audit   'side-channel': [ '1.1.0' ],
79 silly audit   'side-channel-list': [ '1.0.0' ],
79 silly audit   'side-channel-map': [ '1.0.1' ],
79 silly audit   'side-channel-weakmap': [ '1.0.2' ],
79 silly audit   'source-map-js': [ '1.2.1' ],
79 silly audit   'stable-hash': [ '0.0.5' ],
79 silly audit   'stop-iteration-iterator': [ '1.1.0' ],
79 silly audit   'string.prototype.includes': [ '2.0.1' ],
79 silly audit   'string.prototype.matchall': [ '4.0.12' ],
79 silly audit   'string.prototype.repeat': [ '1.0.0' ],
79 silly audit   'string.prototype.trim': [ '1.2.10' ],
79 silly audit   'string.prototype.trimend': [ '1.0.9' ],
79 silly audit   'string.prototype.trimstart': [ '1.0.8' ],
79 silly audit   'strip-bom': [ '3.0.0' ],
79 silly audit   'strip-json-comments': [ '3.1.1' ],
79 silly audit   'styled-jsx': [ '5.1.6' ],
79 silly audit   'supports-color': [ '7.2.0' ],
79 silly audit   'supports-preserve-symlinks-flag': [ '1.0.0' ],
79 silly audit   'tailwind-merge': [ '3.3.1' ],
79 silly audit   tailwindcss: [ '4.1.14' ],
79 silly audit   tapable: [ '2.3.0' ],
79 silly audit   tar: [ '7.5.1' ],
79 silly audit   tinyexec: [ '1.0.1' ],
79 silly audit   tinyglobby: [ '0.2.15' ],
79 silly audit   'to-regex-range': [ '5.0.1' ],
79 silly audit   'ts-api-utils': [ '2.1.0' ],
79 silly audit   'tsconfig-paths': [ '3.15.0' ],
79 silly audit   tslib: [ '2.8.1' ],
79 silly audit   'type-check': [ '0.4.0' ],
79 silly audit   'typed-array-buffer': [ '1.0.3' ],
79 silly audit   'typed-array-byte-length': [ '1.0.3' ],
79 silly audit   'typed-array-byte-offset': [ '1.0.4' ],
79 silly audit   'typed-array-length': [ '1.0.7' ],
79 silly audit   typescript: [ '5.9.3' ],
79 silly audit   'unbox-primitive': [ '1.1.0' ],
79 silly audit   'undici-types': [ '6.21.0' ],
79 silly audit   'unrs-resolver': [ '1.11.1' ],
79 silly audit   'uri-js': [ '4.4.1' ],
79 silly audit   which: [ '2.0.2' ],
79 silly audit   'which-boxed-primitive': [ '1.1.1' ],
79 silly audit   'which-builtin-type': [ '1.2.1' ],
79 silly audit   'which-collection': [ '1.0.2' ],
79 silly audit   'which-typed-array': [ '1.1.19' ],
79 silly audit   'word-wrap': [ '1.2.5' ],
79 silly audit   yallist: [ '5.0.0' ],
79 silly audit   'yocto-queue': [ '0.1.0' ],
79 silly audit   'socket.io-client': [ '4.8.1' ],
79 silly audit   '@socket.io/component-emitter': [ '3.1.2' ],
79 silly audit   'engine.io-client': [ '6.6.3' ],
79 silly audit   'socket.io-parser': [ '4.2.4' ],
79 silly audit   'engine.io-parser': [ '5.2.3' ],
79 silly audit   ws: [ '8.17.1' ],
79 silly audit   'xmlhttprequest-ssl': [ '2.1.2' ]
79 silly audit }
80 http cache engine.io-parser@https://registry.npmjs.org/engine.io-parser/-/engine.io-parser-5.2.3.tgz 0ms (cache hit)
81 http cache ws@https://registry.npmjs.org/ws/-/ws-8.17.1.tgz 0ms (cache hit)
82 http cache @socket.io/component-emitter@https://registry.npmjs.org/@socket.io/component-emitter/-/component-emitter-3.1.2.tgz 0ms (cache hit)
83 http cache xmlhttprequest-ssl@https://registry.npmjs.org/xmlhttprequest-ssl/-/xmlhttprequest-ssl-2.1.2.tgz 0ms (cache hit)
84 http cache socket.io-parser@https://registry.npmjs.org/socket.io-parser/-/socket.io-parser-4.2.4.tgz 0ms (cache hit)
85 http cache debug@https://registry.npmjs.org/debug/-/debug-4.3.7.tgz 0ms (cache hit)
86 http cache engine.io-client@https://registry.npmjs.org/engine.io-client/-/engine.io-client-6.6.3.tgz 0ms (cache hit)
87 http cache debug@https://registry.npmjs.org/debug/-/debug-4.3.7.tgz 0ms (cache hit)
88 http cache socket.io-client@https://registry.npmjs.org/socket.io-client/-/socket.io-client-4.8.1.tgz 0ms (cache hit)
89 silly tarball no local data for engine.io-parser@https://registry.npmjs.org/engine.io-parser/-/engine.io-parser-5.2.3.tgz. Extracting by manifest.
90 silly tarball no local data for ws@https://registry.npmjs.org/ws/-/ws-8.17.1.tgz. Extracting by manifest.
91 silly tarball no local data for @socket.io/component-emitter@https://registry.npmjs.org/@socket.io/component-emitter/-/component-emitter-3.1.2.tgz. Extracting by manifest.
92 silly tarball no local data for xmlhttprequest-ssl@https://registry.npmjs.org/xmlhttprequest-ssl/-/xmlhttprequest-ssl-2.1.2.tgz. Extracting by manifest.
93 silly tarball no local data for socket.io-parser@https://registry.npmjs.org/socket.io-parser/-/socket.io-parser-4.2.4.tgz. Extracting by manifest.
94 silly tarball no local data for debug@https://registry.npmjs.org/debug/-/debug-4.3.7.tgz. Extracting by manifest.
95 http cache debug@https://registry.npmjs.org/debug/-/debug-4.3.7.tgz 0ms (cache hit)
96 silly tarball no local data for engine.io-client@https://registry.npmjs.org/engine.io-client/-/engine.io-client-6.6.3.tgz. Extracting by manifest.
97 silly tarball no local data for debug@https://registry.npmjs.org/debug/-/debug-4.3.7.tgz. Extracting by manifest.
98 silly tarball no local data for socket.io-client@https://registry.npmjs.org/socket.io-client/-/socket.io-client-4.8.1.tgz. Extracting by manifest.
99 silly tarball no local data for debug@https://registry.npmjs.org/debug/-/debug-4.3.7.tgz. Extracting by manifest.
100 http fetch GET 200 https://registry.npmjs.org/xmlhttprequest-ssl/-/xmlhttprequest-ssl-2.1.2.tgz 76ms (cache miss)
101 http fetch GET 200 https://registry.npmjs.org/engine.io-parser/-/engine.io-parser-5.2.3.tgz 77ms (cache miss)
102 http fetch GET 200 https://registry.npmjs.org/@socket.io/component-emitter/-/component-emitter-3.1.2.tgz 99ms (cache miss)
103 http fetch GET 200 https://registry.npmjs.org/socket.io-parser/-/socket.io-parser-4.2.4.tgz 221ms (cache miss)
104 http fetch GET 200 https://registry.npmjs.org/debug/-/debug-4.3.7.tgz 223ms (cache miss)
105 http fetch GET 200 https://registry.npmjs.org/debug/-/debug-4.3.7.tgz 222ms (cache miss)
106 http fetch GET 200 https://registry.npmjs.org/debug/-/debug-4.3.7.tgz 226ms (cache miss)
107 http fetch GET 200 https://registry.npmjs.org/ws/-/ws-8.17.1.tgz 234ms (cache miss)
108 http fetch POST 200 https://registry.npmjs.org/-/npm/v1/security/advisories/bulk 253ms
109 silly audit report {
109 silly audit report   tar: [
109 silly audit report     {
109 silly audit report       id: 1109463,
109 silly audit report       url: 'https://github.com/advisories/GHSA-29xp-372q-xqph',
109 silly audit report       title: 'node-tar has a race condition leading to uninitialized memory exposure',
109 silly audit report       severity: 'moderate',
109 silly audit report       vulnerable_versions: '=7.5.1',
109 silly audit report       cwe: [Array],
109 silly audit report       cvss: [Object]
109 silly audit report     }
109 silly audit report   ]
109 silly audit report }
110 silly packumentCache corgi:https://registry.npmjs.org/tar cache-miss
111 http fetch GET 200 https://registry.npmjs.org/engine.io-client/-/engine.io-client-6.6.3.tgz 278ms (cache miss)
112 http fetch GET 200 https://registry.npmjs.org/socket.io-client/-/socket.io-client-4.8.1.tgz 314ms (cache miss)
113 http fetch GET 200 https://registry.npmjs.org/tar 161ms (cache miss)
114 silly packumentCache corgi:https://registry.npmjs.org/tar set size:undefined disposed:false
115 silly packumentCache corgi:https://registry.npmjs.org/@tailwindcss%2foxide cache-miss
116 http fetch GET 200 https://registry.npmjs.org/@tailwindcss%2foxide 632ms (cache miss)
117 silly packumentCache corgi:https://registry.npmjs.org/@tailwindcss%2foxide set size:undefined disposed:false
118 silly ADD node_modules/xmlhttprequest-ssl
119 silly ADD node_modules/ws
120 silly ADD node_modules/engine.io-parser
121 silly ADD node_modules/socket.io-parser
122 silly ADD node_modules/socket.io-parser/node_modules/debug
123 silly ADD node_modules/engine.io-client
124 silly ADD node_modules/engine.io-client/node_modules/debug
125 silly ADD node_modules/@socket.io/component-emitter
126 silly ADD node_modules/socket.io-client
127 silly ADD node_modules/socket.io-client/node_modules/debug
128 silly REMOVE node_modules/use-sync-external-store
129 silly REMOVE node_modules/reselect
130 silly REMOVE node_modules/redux-thunk
131 silly REMOVE node_modules/redux
132 silly REMOVE node_modules/react-redux
133 silly REMOVE node_modules/immer
134 silly REMOVE node_modules/@types/use-sync-external-store
135 silly REMOVE node_modules/@standard-schema/utils
136 silly REMOVE node_modules/@reduxjs/toolkit
137 verbose cwd /Users/admin/Documents/USITech/usitech
138 verbose os Darwin 24.3.0
139 verbose node v24.6.0
140 verbose npm  v11.5.1
141 verbose exit 0
142 info ok
